FullSentence	Sentence	TargetWords	Surprisal	NumTokens
Quando hai litigato con Maria, eri molto prepotente.	Quando hai litigato con Maria, eri molto prepotente.	eri molto prepotente.	30.69467192309478	4
Quando Maria ha litigato con te, eri molto prepotente.	Quando Maria ha litigato con te, eri molto prepotente.	eri molto prepotente.	32.106303939109175	4
Quando Maria ha litigato con te, era molto prepotente.	Quando Maria ha litigato con te, era molto prepotente.	era molto prepotente.	27.67233252198989	4
Quando hai litigato con Maria, era molto prepotente.	Quando hai litigato con Maria, era molto prepotente.	era molto prepotente.	25.526356312902198	4
Adesso che lavori con Paola, sei sempre puntuale.	Adesso che lavori con Paola, sei sempre puntuale.	sei sempre puntuale.	28.264635856349138	4
Adesso che Paola lavora con te, sei sempre puntuale.	Adesso che Paola lavora con te, sei sempre puntuale.	sei sempre puntuale.	24.53161315431371	4
Adesso che Paola lavora con te, è sempre puntuale.	Adesso che Paola lavora con te, è sempre puntuale.	è sempre puntuale.	28.100037796721328	4
Adesso che lavori con Paola, è sempre puntuale.	Adesso che lavori con Paola, è sempre puntuale.	è sempre puntuale.	30.723994619921392	4
Da quando collabori con Olga, hai avuto solo guai.	Da quando collabori con Olga, hai avuto solo guai.	hai avuto solo guai.	34.059998347229545	5
Da quando Olga collabora con te, hai avuto solo guai.	Da quando Olga collabora con te, hai avuto solo guai.	hai avuto solo guai.	33.29090597123379	5
Da quando Olga collabora con te, ha avuto solo guai.	Da quando Olga collabora con te, ha avuto solo guai.	ha avuto solo guai.	32.91606867710496	5
Da quando collabori con Olga, ha avuto solo guai.	Da quando collabori con Olga, ha avuto solo guai.	ha avuto solo guai.	37.3896169189486	5
Prima che tu chiarissi la questione con Bruno, eri impaziente.	Prima che tu chiarissi la questione con Bruno, eri impaziente.	eri impaziente.	38.19783370742883	4
Prima che Bruno chiarisse la questione con te, eri impaziente.	Prima che Bruno chiarisse la questione con te, eri impaziente.	eri impaziente.	37.89455682497126	4
Prima che Bruno chiarisse la questione con te, era impaziente.	Prima che Bruno chiarisse la questione con te, era impaziente.	era impaziente.	36.111116959957094	4
Prima che tu chiarissi la questione con Bruno, era impaziente.	Prima che tu chiarissi la questione con Bruno, era impaziente.	era impaziente.	36.33730554874567	4
Dopo che hai avuto quel siguido con Nando, ti comporti stranamente.	Dopo che hai avuto quel siguido con Nando, ti comporti stranamente.	ti comporti stranamente.	47.40246059631095	6
Dopo che Nando ha avuto quel disguido con te, ti comporti stranamente.	Dopo che Nando ha avuto quel disguido con te, ti comporti stranamente.	ti comporti stranamente.	50.5025523588113	6
Dopo che Nando ha avuto quel disguido con te, si comporta stranamente.	Dopo che Nando ha avuto quel disguido con te, si comporta stranamente.	si comporta stranamente.	33.19885332976059	5
Dopo che hai avuto quel siguido con Nando, si comporta stranamente.	Dopo che hai avuto quel siguido con Nando, si comporta stranamente.	si comporta stranamente.	31.127445161347815	5
Adesso che sei tornato da Maria, sei molto più felice.	Adesso che sei tornato da Maria, sei molto più felice.	sei molto più felice.	31.077347319171288	5
Adesso che Maria è tornata da te, sei molto più felice.	Adesso che Maria è tornata da te, sei molto più felice.	sei molto più felice.	35.96338173220612	5
Adesso che Maria è tornata da te, è molto piu felice.	Adesso che Maria è tornata da te, è molto piu felice.	è molto piu felice.	42.14602939541784	5
Adesso che sei tornato da Maria, è molto piu felice.	Adesso che sei tornato da Maria, è molto piu felice.	è molto piu felice.	38.99541085286777	5
L'ultima volta che sei uscito con Guido, hai pagato il conto.	L'ultima volta che sei uscito con Guido, hai pagato il conto.	hai pagato il conto.	26.377521736592605	5
L'ultima volta che Guido è uscito con te, hai pagato il conto.	L'ultima volta che Guido è uscito con te, hai pagato il conto.	hai pagato il conto.	30.652340844310025	5
L'ultima volta che Guido è uscito con te, ha pagato il conto.	L'ultima volta che Guido è uscito con te, ha pagato il conto.	ha pagato il conto.	25.783019054644427	5
L'ultima volta che sei uscito con Guido, ha pagato il conto.	L'ultima volta che sei uscito con Guido, ha pagato il conto.	ha pagato il conto.	29.32723469099517	5
Quando eri in classe con Lucia, avevi quindici anni.	Quando eri in classe con Lucia, avevi quindici anni.	avevi quindici anni.	20.860281295035385	4
Quando Lucia era in classe con te, avevi quindici anni.	Quando Lucia era in classe con te, avevi quindici anni.	avevi quindici anni.	20.254804163056782	4
Quando Lucia era in classe con te, aveva quindici anni.	Quando Lucia era in classe con te, aveva quindici anni.	aveva quindici anni.	19.755721143691346	4
Quando eri in classe con Lucia, aveva quindici anni.	Quando eri in classe con Lucia, aveva quindici anni.	aveva quindici anni.	19.184980583466604	4
Quando ti sei messo in contatto con Marta, abitavi ancora a Milano.	Quando ti sei messo in contatto con Marta, abitavi ancora a Milano.	abitavi ancora a Milano.	45.59861800749391	6
Quando Marta si è messa in contatto con te, abitavi ancora a Milano.	Quando Marta si è messa in contatto con te, abitavi ancora a Milano.	abitavi ancora a Milano.	41.486443413949345	6
Quando Marta si è messa in contatto con te, abitava ancora a Milano.	Quando Marta si è messa in contatto con te, abitava ancora a Milano.	abitava ancora a Milano.	41.01705422638912	6
Quando ti sei messo in contatto con Marta, abitava ancora a Milano.	Quando ti sei messo in contatto con Marta, abitava ancora a Milano.	abitava ancora a Milano.	41.04938458308224	6
Da quando hai rotto con Mario, sei di cattivo umore.	Da quando hai rotto con Mario, sei di cattivo umore.	sei di cattivo umore.	35.284411441865885	5
Da quando Mario ha rotto con te, sei di cattivo umore.	Da quando Mario ha rotto con te, sei di cattivo umore.	sei di cattivo umore.	34.19799306650334	5
Da quando Mario ha rotto con te, è di cattivo umore.	Da quando Mario ha rotto con te, è di cattivo umore.	è di cattivo umore.	31.018629196911878	5
Da quando hai rotto con Mario, è di cattivo umore.	Da quando hai rotto con Mario, è di cattivo umore.	è di cattivo umore.	35.53617698383441	5
Quando ho accettato di lavorare con Mario, non prevedevo complicazioni.	Quando ho accettato di lavorare con Mario, non prevedevo complicazioni.	non prevedevo complicazioni.	37.65814309679769	5
Quando Mario ha accettato di lavorare con me, non prevedevo complicazioni.	Quando Mario ha accettato di lavorare con me, non prevedevo complicazioni.	non prevedevo complicazioni.	41.65709752670804	5
Quando Mario ha accettato di lavorare con me, non prevedeva complicazioni.	Quando Mario ha accettato di lavorare con me, non prevedeva complicazioni.	non prevedeva complicazioni.	29.57047237972717	4
Quando ho accettato di lavorare con Mario, non prevedeva complicazioni.	Quando ho accettato di lavorare con Mario, non prevedeva complicazioni.	non prevedeva complicazioni.	29.480210409305865	4
Durante l'anno che ho abitato con Marco, ho imparato a cucinare.	Durante l'anno che ho abitato con Marco, ho imparato a cucinare.	ho imparato a cucinare.	22.991047538745345	5
Durante l'anno che Marco ha abitato con me, ho imparato a cucinare.	Durante l'anno che Marco ha abitato con me, ho imparato a cucinare.	ho imparato a cucinare.	23.866568681410474	5
Durante l'anno che Marco ha abitato con me, ha imparato a cucinare.	Durante l'anno che Marco ha abitato con me, ha imparato a cucinare.	ha imparato a cucinare.	27.103388309560785	5
Durante l'anno che ho abitato con Marco, ha imparato a cucinare.	Durante l'anno che ho abitato con Marco, ha imparato a cucinare.	ha imparato a cucinare.	29.080692133295013	5
Quando ho avuto bisogno di Maria, sono stato sempre gentile.	Quando ho avuto bisogno di Maria, sono stato sempre gentile.	sono stato sempre gentile.	30.50645153999186	5
Quando Maria ha avuto bisogno di me, sono stato sempre gentile.	Quando Maria ha avuto bisogno di me, sono stato sempre gentile.	sono stato sempre gentile.	29.41097230222927	5
Quando Maria ha avuto bisogno di me, è stata sempre gentile.	Quando Maria ha avuto bisogno di me, è stata sempre gentile.	è stata sempre gentile.	26.560579626452526	5
Quando ho avuto bisogno di Maria, è stata sempre gentile.	Quando ho avuto bisogno di Maria, è stata sempre gentile.	è stata sempre gentile.	29.044632081144293	5
Ogni volta che ho fatto una scommessa con Pietro, ho sempre perso.	Ogni volta che ho fatto una scommessa con Pietro, ho sempre perso.	ho sempre perso.	16.274089564584067	4
Ogni volta che Roberto ha fatto una scommessa con me, ho sempre perso.	Ogni volta che Roberto ha fatto una scommessa con me, ho sempre perso.	ho sempre perso.	17.445486561352485	4
Ogni volta che Roberto ha fatto una scommessa con me, ha sempre perso.	Ogni volta che Roberto ha fatto una scommessa con me, ha sempre perso.	ha sempre perso.	19.726495235788796	4
Ogni volta che ho fatto una scommessa con Pietro, ha sempre perso.	Ogni volta che ho fatto una scommessa con Pietro, ha sempre perso.	ha sempre perso.	23.560253854057635	4
L'ultima volta che ho cucinato per Franca, ero in vacanza.	L'ultima volta che ho cucinato per Franca, ero in vacanza.	ero in vacanza.	18.668971017382475	4
L'ultima volta che Franca ha cucinato per me, ero in vacanza.	L'ultima volta che Franca ha cucinato per me, ero in vacanza.	ero in vacanza.	17.729607493164835	4
L'ultima volta che Franca ha cucinato per me, era in vacanza.	L'ultima volta che Franca ha cucinato per me, era in vacanza.	era in vacanza.	18.740887700602144	4
L'ultima volta che ho cucinato per Franca, era in vacanza.	L'ultima volta che ho cucinato per Franca, era in vacanza.	era in vacanza.	20.109457510569403	4
Dopo che ho divorziato da Lucio, ho cambiato lavoro.	Dopo che ho divorziato da Lucio, ho cambiato lavoro.	ho cambiato lavoro.	19.263295936207758	4
Dopo che Lucio ha divorziato da me, ho cambiato lavoro.	Dopo che Lucio ha divorziato da me, ho cambiato lavoro.	ho cambiato lavoro.	22.15209157961792	4
Dopo che Lucio ha divorziato da me, ha cambiato lavoro.	Dopo che Lucio ha divorziato da me, ha cambiato lavoro.	ha cambiato lavoro.	20.659055565213542	4
Dopo che ho divorziato da Lucio, ha cambiato lavoro.	Dopo che ho divorziato da Lucio, ha cambiato lavoro.	ha cambiato lavoro.	22.3620102095778	4
Quando ho fatto la pace con Mario, avevo già la ragazza.	Quando ho fatto la pace con Mario, avevo già la ragazza.	avevo già la ragazza.	34.65794849371267	5
Quando Mario ha fatto la pace con me, avevo già la ragazza.	Quando Mario ha fatto la pace con me, avevo già la ragazza.	avevo già la ragazza.	35.45438740307254	5
Quando Mario ha fatto la pace con me, aveva già la ragazza.	Quando Mario ha fatto la pace con me, aveva già la ragazza.	aveva già la ragazza.	34.8006825643377	5
Quando ho fatto la pace con Mario, aveva già la ragazza.	Quando ho fatto la pace con Mario, aveva già la ragazza.	aveva già la ragazza.	35.377420633576506	5
Prima che mi separassi da Gianni, avevo già un altro uomo.	Prima che mi separassi da Gianni, avevo già un altro uomo.	avevo già un altro uomo.	31.897928231341545	6
Prima che Gianni si separasse da me, avevo già un altro uomo.	Prima che Gianni si separasse da me, avevo già un altro uomo.	avevo già un altro uomo.	31.80721461952885	6
Prima che Gianni si separasse da me, aveva già un'altra donna.	Prima che Gianni si separasse da me, aveva già un'altra donna.	aveva già un'altra donna.	39.172105398341024	7
Prima che mi separassi da Gianni, aveva già un'altra donna.	Prima che mi separassi da Gianni, aveva già un'altra donna.	aveva già un'altra donna.	40.73630916279687	7
Dopo che mi sono riconciliato con Ugo, sono più tollerante.	Dopo che mi sono riconciliato con Ugo, sono più tollerante.	sono più tollerante.	30.21043233404769	5
Dopo che Ugo si è riconciliato con me, sono più tollerante.	Dopo che Ugo si è riconciliato con me, sono più tollerante.	sono più tollerante.	30.340868431397144	5
Dopo che Ugo si è riconciliato con me, è più tollerante.	Dopo che Ugo si è riconciliato con me, è più tollerante.	è più tollerante.	33.89600792299106	5
Dopo che mi sono riconciliato con Ugo, è più tollerante.	Dopo che mi sono riconciliato con Ugo, è più tollerante.	è più tollerante.	34.58472977040442	5
Quando ho chiesto consiglio a Remo, non sapevo che cosa fare.	Quando ho chiesto consiglio a Remo, non sapevo che cosa fare.	non sapevo che cosa fare.	28.81208972585228	6
Quando Remo ha chiesto consiglio a me, non sapevo che cosa fare.	Quando Remo ha chiesto consiglio a me, non sapevo che cosa fare.	non sapevo che cosa fare.	27.99087667147196	6
Quando Remo ha chiesto consiglio a me, non sapeva che cosa fare.	Quando Remo ha chiesto consiglio a me, non sapeva che cosa fare.	non sapeva che cosa fare.	32.46016073764159	6
Quando ho chiesto consiglio a Remo, non sapeva che cosa fare.	Quando ho chiesto consiglio a Remo, non sapeva che cosa fare.	non sapeva che cosa fare.	34.48058124828298	6
Quando Mario chiama Liliana, è contento.	Quando Mario chiama Liliana, è contento.	è contento.	25.286343835878938	3
Quando Mario chiama Liliana, è contenta.	Quando Mario chiama Liliana, è contenta.	è contenta.	24.17236451058314	3
Dopo che Paola ha telefonato a Piero, è andata al cinema.	Dopo che Paola ha telefonato a Piero, è andata al cinema.	è andata al cinema.	28.88631444387384	5
Dopo che Paola ha telefonato a Piero, è andato al cinema.	Dopo che Paola ha telefonato a Piero, è andato al cinema.	è andato al cinema.	28.005921220195898	5
Prima che Maria sposasse Roberto, era sempre serena.	Prima che Maria sposasse Roberto, era sempre serena.	era sempre serena.	32.79515504039815	4
Prima che Maria sposasse Roberto, era sempre sereno.	Prima che Maria sposasse Roberto, era sempre sereno.	era sempre sereno.	33.15159333077802	4
Quando Giuseppe ha insultato Chiara, era ubriaco.	Quando Giuseppe ha insultato Chiara, era ubriaco.	era ubriaco.	25.185683780967693	4
Quando Giuseppe ha insultato Chiara, era ubriaca.	Quando Giuseppe ha insultato Chiara, era ubriaca.	era ubriaca.	26.21254462595522	4
Prima che Flavio conoscesse Donata, era piuttosto grasso.	Prima che Flavio conoscesse Donata, era piuttosto grasso.	era piuttosto grasso.	34.39461260758915	4
Prima che Flavio conoscesse Donata, era piuttosto grassa.	Prima che Flavio conoscesse Donata, era piuttosto grassa.	era piuttosto grassa.	37.94247868050722	4
Dopo che Marina ha salutato Enrico, è salita sul treno.	Dopo che Marina ha salutato Enrico, è salita sul treno.	è salita sul treno.	30.167514969349348	5
Dopo che Marina ha salutato Enrico, è salito sul treno.	Dopo che Marina ha salutato Enrico, è salito sul treno.	è salito sul treno.	27.112554419006518	5
Quando Gianni ha salutato Rosa, si è messo a piangere.	Quando Gianni ha salutato Rosa, si è messo a piangere.	si è messo a piangere.	27.316909698670457	6
Quando Gianni ha salutato Rosa, si è messa a piangere.	Quando Gianni ha salutato Rosa, si è messa a piangere.	si è messa a piangere.	28.63568635072304	6
Da quando Francesca frequenta Sandro, è diventata arrogante.	Da quando Francesca frequenta Sandro, è diventata arrogante.	è diventata arrogante.	32.509655829877765	5
Da quando Francesca frequenta Sandro, è diventato arrogante.	Da quando Francesca frequenta Sandro, è diventato arrogante.	è diventato arrogante.	33.90102021818232	5
Adesso che Elena lavora con Carlo, è tranquilla.	Adesso che Elena lavora con Carlo, è tranquilla.	è tranquilla.	23.11754887356694	3
Adesso che Elena lavora con Carlo, è tranquillo.	Adesso che Elena lavora con Carlo, è tranquillo.	è tranquillo.	23.17120466943699	3
Quando Silvio è andato in vacanza con Emma, si è annoiato.	Quando Silvio è andato in vacanza con Emma, si è annoiato.	si è annoiato.	30.985749220246067	5
Quando Silvio è andato in vacanza con Emma, si è annoiata.	Quando Silvio è andato in vacanza con Emma, si è annoiata.	si è annoiata.	35.319074465747875	5
Dopo che Maria ha litigato con Franco, è diventata intollerabile.	Dopo che Maria ha litigato con Franco, è diventata intollerabile.	è diventata intollerabile.	48.90878837439438	6
Dopo che Maria ha litigato con Franco, è diventato intollerabile.	Dopo che Maria ha litigato con Franco, è diventato intollerabile.	è diventato intollerabile.	48.05025724562898	6
Dopo che Irene ha parlato con Vito, si è sentita sollevata.	Dopo che Irene ha parlato con Vito, si è sentita sollevata.	si è sentita sollevata.	30.917484054769602	6
Dopo che Irene ha parlato con Vito, si è sentito sollevato.	Dopo che Irene ha parlato con Vito, si è sentito sollevato.	si è sentito sollevato.	28.76837776432084	5
Quando Pietro ha dato un bacio ad Angela, sembrava un po' impacciato.	Quando Pietro ha dato un bacio ad Angela, sembrava un po' impacciato.	sembrava un po' impacciato.	47.147473615571016	7
Quando Pietro ha dato un bacio ad Angela, sembrava un po' impacciata.	Quando Pietro ha dato un bacio ad Angela, sembrava un po' impacciata.	sembrava un po' impacciata.	46.88280829570788	7
Quando Stefano ha licenziato Angela, era molto arrabbiato.	Quando Stefano ha licenziato Angela, era molto arrabbiato.	era molto arrabbiato.	27.59456330668325	5
Quando Stefano ha licenziato Angela, era molto arrabbiata.	Quando Stefano ha licenziato Angela, era molto arrabbiata.	era molto arrabbiata.	26.466768199572797	5
Quando Ettore ha presentato Giovanna ai genitori, era nervoso.	Quando Ettore ha presentato Giovanna ai genitori, era nervoso.	era nervoso.	22.233171277455035	3
Quando Ettore ha presentato Giovanna ai genitori, era nervosa.	Quando Ettore ha presentato Giovanna ai genitori, era nervosa.	era nervosa.	26.762346574926813	4
Dopo che Marcello ha pubblicizzato il caso di Livia, è diventato famoso.	Dopo che Marcello ha pubblicizzato il caso di Livia, è diventato famoso.	è diventato famoso.	25.844420493047874	4
Dopo che Marcello ha pubblicizzato il caso di Livia, è diventata famosa.	Dopo che Marcello ha pubblicizzato il caso di Livia, è diventata famosa.	è diventata famosa.	26.572283349747046	4
Dopo che Claudia ha rivisto Sergio, è diventata nevrotica.	Dopo che Claudia ha rivisto Sergio, è diventata nevrotica.	è diventata nevrotica.	39.907046533422225	6
Dopo che Claudia ha rivisto Sergio, è diventato nevrotico.	Dopo che Claudia ha rivisto Sergio, è diventato nevrotico.	è diventato nevrotico.	35.47548788549837	6
Quando Daniele è ritornato da Anna, era molto depresso.	Quando Daniele è ritornato da Anna, era molto depresso.	era molto depresso.	34.44239530721575	5
Quando Daniele è ritornato da Anna, era molto depressa.	Quando Daniele è ritornato da Anna, era molto depressa.	era molto depressa.	34.2315080503003	5
Dopo che Adriana ha rotto con Mimmo, è diventata insopportabile.	Dopo che Adriana ha rotto con Mimmo, è diventata insopportabile.	è diventata insopportabile.	29.98261300173408	5
Dopo che Adriana ha rotto con Mimmo, è diventato insopportabile.	Dopo che Adriana ha rotto con Mimmo, è diventato insopportabile.	è diventato insopportabile.	30.458649325254267	5
Mentre Lorenzo salutava Daniela, sembrava molto sereno.	Mentre Lorenzo salutava Daniela, sembrava molto sereno.	sembrava molto sereno.	25.60168888114195	4
Mentre Lorenzo salutava Daniela, sembrava molto serena.	Mentre Lorenzo salutava Daniela, sembrava molto serena.	sembrava molto serena.	23.80792699378543	4
Quando Luisa ha raccontato l'incidente ad Antonio, è impallidita.	Quando Luisa ha raccontato l'incidente ad Antonio, è impallidita.	è impallidita.	44.36196738681877	5
Quando Luisa ha raccontato l'incidente ad Antonio, è impallidito.	Quando Luisa ha raccontato l'incidente ad Antonio, è impallidito.	è impallidito.	46.242004591389815	5
Prima che Lina si riconciliasse con Davide, era piuttosto seccata.	Prima che Lina si riconciliasse con Davide, era piuttosto seccata.	era piuttosto seccata.	38.235957622938194	5
Prima che Lina si riconciliasse con Davide, era piuttosto seccato.	Prima che Lina si riconciliasse con Davide, era piuttosto seccato.	era piuttosto seccato.	39.14427820344828	5
Mentre Carlo descriveva il miracolo a Rosa, era estatico.	Mentre Carlo descriveva il miracolo a Rosa, era estatico.	era estatico.	27.07032266011469	4
Mentre Carlo descriveva il miracolo a Rosa, era estatica.	Mentre Carlo descriveva il miracolo a Rosa, era estatica.	era estatica.	27.65077439674723	4
Prima che Guglielmo uscisse con Teresa, era molto timido.	Prima che Guglielmo uscisse con Teresa, era molto timido.	era molto timido.	29.366320133825234	4
Prima che Guglielmo uscisse con Teresa, era molto timida.	Prima che Guglielmo uscisse con Teresa, era molto timida.	era molto timida.	35.50566069314895	5
Adesso che Roberta lavora con Luigi, sembra più rilassata.	Adesso che Roberta lavora con Luigi, sembra più rilassata.	sembra più rilassata.	33.055863384116826	5
Adesso che Roberta lavora con Luigi, sembra più rilassato.	Adesso che Roberta lavora con Luigi, sembra più rilassato.	sembra più rilassato.	36.89284987119095	5
Prima che Daniele andasse a vivere con Piera, era molto ansioso.	Prima che Daniele andasse a vivere con Piera, era molto ansioso.	era molto ansioso.	30.96027078605982	5
Prima che Daniele andasse a vivere con Piera, era molto ansiosa.	Prima che Daniele andasse a vivere con Piera, era molto ansiosa.	era molto ansiosa.	34.3558061738003	5
Quando Carlotta litiga con Mario, rimane imbronciata per giorni.	Quando Carlotta litiga con Mario, rimane imbronciata per giorni.	rimane imbronciata per giorni.	62.3493015608458	7
Quando Carlotta litiga con Mario, rimane imbronciato per giorni.	Quando Carlotta litiga con Mario, rimane imbronciato per giorni.	rimane imbronciato per giorni.	66.40520620875789	7
Non appena Pina ha scoperto il segreto di Mario, è diventata sospettosa.	Non appena Pina ha scoperto il segreto di Mario, è diventata sospettosa.	è diventata sospettosa.	27.314715682170394	5
Non appena Pina ha scoperto il segreto di Mario, è diventato sospettoso.	Non appena Pina ha scoperto il segreto di Mario, è diventato sospettoso.	è diventato sospettoso.	27.343783032581918	5
Dopo che Roberto ha incontrato Irma al bar, è tornato a casa.	Dopo che Roberto ha incontrato Irma al bar, è tornato a casa.	è tornato a casa.	20.62154325274749	5
Dopo che Roberto ha incontrato Irma al bar, è tornata a casa.	Dopo che Roberto ha incontrato Irma al bar, è tornata a casa.	è tornata a casa.	21.774391699427515	5
Mentre Anna raccontava il terribile incidente a Giorgio, si è sentita mancare.	Mentre Anna raccontava il terribile incidente a Giorgio, si è sentita mancare.	si è sentita mancare.	32.326198489090004	5
Mentre Anna raccontava il terribile incidente a Giorgio, si è sentito mancare.	Mentre Anna raccontava il terribile incidente a Giorgio, si è sentito mancare.	si è sentito mancare.	33.188936006057105	5
Quando Maria cerca Roberto, diventa ansiosa.	Quando Maria cerca Roberto, diventa ansiosa.	diventa ansiosa.	40.58922435929373	4
Quando Maria cerca Roberto, diventa ansioso.	Quando Maria cerca Roberto, diventa ansioso.	diventa ansioso.	42.11642064994503	4
Quando Maria lo cerca, diventa ansioso.	Quando Maria lo cerca, diventa ansioso.	diventa ansioso.	36.59815034900306	4
Quando i Rossi lo cercano, diventa ansioso.	Quando i Rossi lo cercano, diventa ansioso.	diventa ansioso.	40.847335662662324	4
Dopo che Paola ha telefonato a Piero, è andata al bar.	Dopo che Paola ha telefonato a Piero, è andata al bar.	è andata al bar.	29.49264920480188	5
Dopo che Paola ha telefonato a Piero, è andato al bar.	Dopo che Paola ha telefonato a Piero, è andato al bar.	è andato al bar.	28.32929336860668	5
Dopo che Paola gli ha telefonato, è andato al bar.	Dopo che Paola gli ha telefonato, è andato al bar.	è andato al bar.	29.59024327180871	5
Dopo che i Neri gli hanno telefonato, è andato al bar.	Dopo che i Neri gli hanno telefonato, è andato al bar.	è andato al bar.	29.76240416835478	5
Dopo che Marina ha salutato Enrico, è salita sul treno.	Dopo che Marina ha salutato Enrico, è salita sul treno.	è salita sul treno.	30.167514969349348	5
Dopo che Marina ha salutato Enrico, è salito sul treno.	Dopo che Marina ha salutato Enrico, è salito sul treno.	è salito sul treno.	27.112554419006518	5
Dopo che Marina lo ha salutato, è salito sul treno.	Dopo che Marina lo ha salutato, è salito sul treno.	è salito sul treno.	27.457513139990866	5
Dopo che i Giorgi lo hanno salutato, è salito sul treno.	Dopo che i Giorgi lo hanno salutato, è salito sul treno.	è salito sul treno.	29.4328258427568	5
Da quando Franca frequenta Sandro, è diventata arrogante.	Da quando Franca frequenta Sandro, è diventata arrogante.	è diventata arrogante.	33.118183802128435	5
Da quando Franca frequenta Sandro, è diventato arrogante.	Da quando Franca frequenta Sandro, è diventato arrogante.	è diventato arrogante.	33.901465635750874	5
Da quando Franca lo frequenta, è diventato arrogante.	Da quando Franca lo frequenta, è diventato arrogante.	è diventato arrogante.	33.3750233945953	5
Da quando i Rossi lo frequentano, è diventato arrogante.	Da quando i Rossi lo frequentano, è diventato arrogante.	è diventato arrogante.	33.974986821311425	5
Dopo che Irene ha parlato con Vito, si è sentita sollevata.	Dopo che Irene ha parlato con Vito, si è sentita sollevata.	si è sentita sollevata.	30.917484054769602	6
Dopo che Irene ha parlato con Vito, si è sentito sollevato.	Dopo che Irene ha parlato con Vito, si è sentito sollevato.	si è sentito sollevato.	28.76837776432084	5
Dopo che Irene gli ha parlato, si è sentito sollevato.	Dopo che Irene gli ha parlato, si è sentito sollevato.	si è sentito sollevato.	26.585636156008533	5
Dopo che i Rinaldi gli hanno parlato, si è sentito sollevato.	Dopo che i Rinaldi gli hanno parlato, si è sentito sollevato.	si è sentito sollevato.	27.23065388609747	5
Quando Stefania ha licenziato Angelo, era molto arrabbiata.	Quando Stefania ha licenziato Angelo, era molto arrabbiata.	era molto arrabbiata.	30.69351182375122	5
Quando Stefania ha licenziato Angelo, era molto arrabbiato.	Quando Stefania ha licenziato Angelo, era molto arrabbiato.	era molto arrabbiato.	28.812529116981587	5
Quando Stefania lo ha licenziato, era molto arrabbiato.	Quando Stefania lo ha licenziato, era molto arrabbiato.	era molto arrabbiato.	29.050331909165582	5
Quando i Brambilla lo hanno licenziato, era molto arrabbiato.	Quando i Brambilla lo hanno licenziato, era molto arrabbiato.	era molto arrabbiato.	32.35995486882949	5
Mentre Luisa raccontava l'incidente a Teo, era pallida in viso.	Mentre Luisa raccontava l'incidente a Teo, era pallida in viso.	era pallida in viso.	43.54410525880993	6
Mentre Luisa raccontava l'incidente a Teo, era pallido in viso.	Mentre Luisa raccontava l'incidente a Teo, era pallido in viso.	era pallido in viso.	46.4153712638295	6
Mentre Luisa gli raccontava l'incidente, era pallido in viso.	Mentre Luisa gli raccontava l'incidente, era pallido in viso.	era pallido in viso.	44.12365380342596	6
Mentre i DeVito gli raccontavano l'incidente, era pallido in viso.	Mentre i DeVito gli raccontavano l'incidente, era pallido in viso.	era pallido in viso.	40.641162006161935	6
Quando Katia ha fatto quel regalo a Piero, non era ancora sposata.	Quando Katia ha fatto quel regalo a Piero, non era ancora sposata.	non era ancora sposata.	32.44740859746895	5
Quando Katia ha fatto quel regalo a Piero, non era ancora sposato.	Quando Katia ha fatto quel regalo a Piero, non era ancora sposato.	non era ancora sposato.	30.962657013928048	5
Quando Katia gli ha fatto quel regalo, non era ancora sposato.	Quando Katia gli ha fatto quel regalo, non era ancora sposato.	non era ancora sposato.	30.118938105473124	5
Quando i Bonino gli hanno fatto quel regalo, non era ancora sposato.	Quando i Bonino gli hanno fatto quel regalo, non era ancora sposato.	non era ancora sposato.	34.83661900929359	5
Quando Claudia ha conosciuto Lino, era già famosa.	Quando Claudia ha conosciuto Lino, era già famosa.	era già famosa.	32.850155469507875	4
Quando Claudia ha conosciuto Lino, era già famoso.	Quando Claudia ha conosciuto Lino, era già famoso.	era già famoso.	29.44305334701633	4
Quando Claudia lo ha conosciuto, era già famoso.	Quando Claudia lo ha conosciuto, era già famoso.	era già famoso.	26.69907676760901	4
Quando i Belli lo hanno conosciuto, era già famoso.	Quando i Belli lo hanno conosciuto, era già famoso.	era già famoso.	24.386263994070138	4
Quando Lucia ha rintracciato Marco, è rimasta sorpresa.	Quando Lucia ha rintracciato Marco, è rimasta sorpresa.	è rimasta sorpresa.	23.907591814489635	4
Quando Lucia ha rintracciato Marco, è rimasto sorpreso.	Quando Lucia ha rintracciato Marco, è rimasto sorpreso.	è rimasto sorpreso.	25.60593555523741	4
Quando Lucia lo ha rintracciato, è rimasto sorpreso.	Quando Lucia lo ha rintracciato, è rimasto sorpreso.	è rimasto sorpreso.	24.60189810476936	4
Quando i Burani lo hanno rintracciato, è rimasto sorpreso.	Quando i Burani lo hanno rintracciato, è rimasto sorpreso.	è rimasto sorpreso.	25.958538598989616	4
Quella sera che Gianna ha lasciato Marco a casa, era scocciata.	Quella sera che Gianna ha lasciato Marco a casa, era scocciata.	era scocciata.	31.196889920029122	4
Quella sera che Gianna ha lasciato Marco a casa, era scocciato.	Quella sera che Gianna ha lasciato Marco a casa, era scocciato.	era scocciato.	29.624878371667478	4
Quella sera che Gianna lo ha lasciato a casa, era scocciato.	Quella sera che Gianna lo ha lasciato a casa, era scocciato.	era scocciato.	29.761904190055066	4
Quella sera che i Moro lo hanno lasciato a casa, era scocciato.	Quella sera che i Moro lo hanno lasciato a casa, era scocciato.	era scocciato.	31.308906573635607	4
Da quando Rosa ha mandato via Ennio di casa, è diventata strana.	Da quando Rosa ha mandato via Ennio di casa, è diventata strana.	è diventata strana.	24.927822772336953	4
Da quando Rosa ha mandato via Ennio di casa, è diventato strano.	Da quando Rosa ha mandato via Ennio di casa, è diventato strano.	è diventato strano.	24.570260609974536	4
Da quando Rosa lo ha mandato via di casa, è diventato strano.	Da quando Rosa lo ha mandato via di casa, è diventato strano.	è diventato strano.	23.391610447595617	4
Da quando i Rossi lo hanno mandato via di casa, è diventato strano.	Da quando i Rossi lo hanno mandato via di casa, è diventato strano.	è diventato strano.	25.485096850482083	4
Quando Piero ha insultato Chiara, era ubriaco.	Quando Piero ha insultato Chiara, era ubriaco.	era ubriaco.	26.463196142729398	4
Quando Piero ha insultato Chiara, era ubriaca.	Quando Piero ha insultato Chiara, era ubriaca.	era ubriaca.	24.95727008073259	4
Quando Piero l'ha insultata, era ubriaca.	Quando Piero l'ha insultata, era ubriaca.	era ubriaca.	25.523868955694752	4
Quando i Bianchi l'hanno insultata, era ubriaca.	Quando i Bianchi l'hanno insultata, era ubriaca.	era ubriaca.	26.34767671094022	4
Prima che Flavio conoscesse Donata, era piuttosto grasso.	Prima che Flavio conoscesse Donata, era piuttosto grasso.	era piuttosto grasso.	34.39461260758915	4
Prima che Flavio conoscesse Donata, era piuttosto grassa.	Prima che Flavio conoscesse Donata, era piuttosto grassa.	era piuttosto grassa.	37.94247868050722	4
Prima che Flavio la conoscesse, era piuttosto grassa.	Prima che Flavio la conoscesse, era piuttosto grassa.	era piuttosto grassa.	35.068205283430025	4
Prima che i Rossi la conoscessero, era piuttosto grassa.	Prima che i Rossi la conoscessero, era piuttosto grassa.	era piuttosto grassa.	33.19902808346924	4
Da quando Gianni ha assunto Rosa come segretaria, è diventato pigro.	Da quando Gianni ha assunto Rosa come segretaria, è diventato pigro.	è diventato pigro.	31.821863095301005	5
Da quando Gianni ha assunto Rosa come segretaria, è diventata pigra.	Da quando Gianni ha assunto Rosa come segretaria, è diventata pigra.	è diventata pigra.	34.48195139868941	5
Da quando Gianni l'ha assunta come segretaria, è diventata pigra.	Da quando Gianni l'ha assunta come segretaria, è diventata pigra.	è diventata pigra.	32.57204423351326	5
Da quando i Manzoni l'hanno assunta come segretaria, è diventata pigra.	Da quando i Manzoni l'hanno assunta come segretaria, è diventata pigra.	è diventata pigra.	31.009572302419503	5
Quando Pietro ha baciato Angela, sembrava un po' impacciato.	Quando Pietro ha baciato Angela, sembrava un po' impacciato.	sembrava un po' impacciato.	48.851863083280854	7
Quando Pietro ha baciato Angela, sembrava un po' impacciata.	Quando Pietro ha baciato Angela, sembrava un po' impacciata.	sembrava un po' impacciata.	48.34148716822888	7
Quando Pietro l'ha baciata, sembrava un po' impacciata.	Quando Pietro l'ha baciata, sembrava un po' impacciata.	sembrava un po' impacciata.	50.361402421609746	7
Quando i Rossi l'hanno baciata, sembrava un po' impacciata.	Quando i Rossi l'hanno baciata, sembrava un po' impacciata.	sembrava un po' impacciata.	54.15014107256869	7
Il giorno che Ettore ha presentato Giovanna agli amici, era nervoso.	Il giorno che Ettore ha presentato Giovanna agli amici, era nervoso.	era nervoso.	20.971326974099362	3
Il giorno che Ettore ha presentato Giovanna agli amici, era nervosa.	Il giorno che Ettore ha presentato Giovanna agli amici, era nervosa.	era nervosa.	27.65735654786542	4
Il giorno che Ettore l'ha presentata agli amici, era nervosa.	Il giorno che Ettore l'ha presentata agli amici, era nervosa.	era nervosa.	28.19272451669564	4
Il giorno che i Minelli l'hanno presentata agli amici, era nervosa.	Il giorno che i Minelli l'hanno presentata agli amici, era nervosa.	era nervosa.	30.4457660118399	4
Quando Lorenzo ha chiamato Daniela, era contento.	Quando Lorenzo ha chiamato Daniela, era contento.	era contento.	22.776366011888243	3
Quando Lorenzo ha chiamato Daniela, era contenta.	Quando Lorenzo ha chiamato Daniela, era contenta.	era contenta.	22.104053035369212	3
Quando Lorenzo l'ha chiamata, era contenta.	Quando Lorenzo l'ha chiamata, era contenta.	era contenta.	19.994822759200762	3
Quando i Lombardi l'hanno chiamata, era contenta.	Quando i Lombardi l'hanno chiamata, era contenta.	era contenta.	23.447430473348554	3
Quando Ugo ha dato il benvenuto ad Anna, sembrava preoccupato.	Quando Ugo ha dato il benvenuto ad Anna, sembrava preoccupato.	sembrava preoccupato.	27.0922944387686	3
Quando Ugo ha dato il benvenuto ad Anna, sembrava preoccupata.	Quando Ugo ha dato il benvenuto ad Anna, sembrava preoccupata.	sembrava preoccupata.	35.46179998469337	4
Quando Ugo le ha dato il benvenuto, sembrava preoccupata.	Quando Ugo le ha dato il benvenuto, sembrava preoccupata.	sembrava preoccupata.	32.10889885404607	4
Quando i Volpi le hanno dato il benvenuto, sembrava preoccupata.	Quando i Volpi le hanno dato il benvenuto, sembrava preoccupata.	sembrava preoccupata.	32.46568573835153	4
Mentre Carlo descriveva il miracolo a Rosa, era estatico.	Mentre Carlo descriveva il miracolo a Rosa, era estatico.	era estatico.	27.07032266011469	4
Mentre Carlo descriveva il miracolo a Rosa, era estatica.	Mentre Carlo descriveva il miracolo a Rosa, era estatica.	era estatica.	27.65077439674723	4
Mentre Carlo le descriveva il miracolo, era estatica.	Mentre Carlo le descriveva il miracolo, era estatica.	era estatica.	26.07123195805556	4
Mentre i Franchi le descrivevano il miracolo, era estatica.	Mentre i Franchi le descrivevano il miracolo, era estatica.	era estatica.	26.903564366134415	4
Dopo che Nino ha incontrato Irma al bar, è tornato a casa.	Dopo che Nino ha incontrato Irma al bar, è tornato a casa.	è tornato a casa.	21.384096106491725	5
Dopo che Nino ha incontrato Irma al bar, è tornata a casa.	Dopo che Nino ha incontrato Irma al bar, è tornata a casa.	è tornata a casa.	22.430891566034784	5
Dopo che Nino l'ha incontrata al bar, è tornata a casa.	Dopo che Nino l'ha incontrata al bar, è tornata a casa.	è tornata a casa.	24.452179673993054	5
Dopo che i Dolci l'hanno incontrata al bar, è tornata a casa.	Dopo che i Dolci l'hanno incontrata al bar, è tornata a casa.	è tornata a casa.	26.88022269478935	5
Dopo che Antonio ha invitato Lucia, si è ammalato.	Dopo che Antonio ha invitato Lucia, si è ammalato.	si è ammalato.	33.97253144078887	5
Dopo che Antonio ha invitato Lucia, si è ammalata.	Dopo che Antonio ha invitato Lucia, si è ammalata.	si è ammalata.	34.918133329055266	5
Dopo che Antonio l'ha invitata, si è ammalata.	Dopo che Antonio l'ha invitata, si è ammalata.	si è ammalata.	38.09179391353943	5
Dopo che i Bonomi l'hanno invitata, si è ammalata.	Dopo che i Bonomi l'hanno invitata, si è ammalata.	si è ammalata.	34.79326099175066	5
Quando Fulvio ha minacciato Carla, era tutto agitato.	Quando Fulvio ha minacciato Carla, era tutto agitato.	era tutto agitato.	42.152150489539856	5
Quando Fulvio ha minacciato Carla, era tutta agitata.	Quando Fulvio ha minacciato Carla, era tutta agitata.	era tutta agitata.	39.196934266376985	5
Quando Fulvio l'ha minacciata, era tutta agitata.	Quando Fulvio l'ha minacciata, era tutta agitata.	era tutta agitata.	37.60054591867449	5
Quando i Rizzi l'hanno minacciata, era tutta agitata.	Quando i Rizzi l'hanno minacciata, era tutta agitata.	era tutta agitata.	37.95450913345298	5
Quando Guido ha parlato con Ina, era depresso.	Quando Guido ha parlato con Ina, era depresso.	era depresso.	28.750261669494016	4
Quando Guido ha parlato con Ina, era depressa.	Quando Guido ha parlato con Ina, era depressa.	era depressa.	30.758936453190262	4
Quando Guido le ha parlato, era depressa.	Quando Guido le ha parlato, era depressa.	era depressa.	27.6979249835814	4
Quando i Ricci le hanno parlato, era depressa.	Quando i Ricci le hanno parlato, era depressa.	era depressa.	30.722118102607496	4
Dopo che Piero ha telefonato ai vigili del fuoco, sono venuti immediatamente.	Dopo che Piero ha telefonato ai vigili del fuoco, sono venuti immediatamente.	sono venuti immediatamente.	23.297742191526982	4
Dopo che ho telefonato ai vigili del fuoco, sono venuti immediatamente.	Dopo che ho telefonato ai vigili del fuoco, sono venuti immediatamente.	sono venuti immediatamente.	21.15263004207243	4
Quando Gianni ha salutato i nonni, sembravano veramente tristi.	Quando Gianni ha salutato i nonni, sembravano veramente tristi.	sembravano veramente tristi.	30.908597059697723	4
Quando ho salutato i nonni, sembravano veramente tristi.	Quando ho salutato i nonni, sembravano veramente tristi.	sembravano veramente tristi.	29.175305193546432	4
Dopo che Maria ha litigato con i suoceri, non telefonano più.	Dopo che Maria ha litigato con i suoceri, non telefonano più.	non telefonano più.	35.624155176158894	5
Dopo che ho litigato con i suoceri, non telefonano più.	Dopo che ho litigato con i suoceri, non telefonano più.	non telefonano più.	35.690975979389236	5
Dopo che Ettore ha ringraziato gli ospiti, se ne sono andati.	Dopo che Ettore ha ringraziato gli ospiti, se ne sono andati.	se ne sono andati.	26.329094633678416	5
Dopo che ho ringraziato gli ospiti, se ne sono andati.	Dopo che ho ringraziato gli ospiti, se ne sono andati.	se ne sono andati.	25.661339503388927	5
Quando Daniela è andata ad abitare con i nonni, erano felicissimi.	Quando Daniela è andata ad abitare con i nonni, erano felicissimi.	erano felicissimi.	19.63288658255939	4
Quando sono andato ad abitare con i nonni, erano felicissimi.	Quando sono andato ad abitare con i nonni, erano felicissimi.	erano felicissimi.	19.099015064935763	4
Da quando Adriana ha conosciuto quei ragazzi, non la lasciano in pace.	Da quando Adriana ha conosciuto quei ragazzi, non la lasciano in pace.	non la lasciano in pace.	39.13051372423905	6
Da quando ho conosciuto quei ragazzi, non mi lasciano in pace.	Da quando ho conosciuto quei ragazzi, non mi lasciano in pace.	non mi lasciano in pace.	33.26057692956976	6
Quando Claudia ha contattato le zie dell'America, sono rimaste sorprese.	Quando Claudia ha contattato le zie dell'America, sono rimaste sorprese.	sono rimaste sorprese.	21.99378976281905	4
Quando ho contattato le zie dell'America, sono rimaste sorprese.	Quando ho contattato le zie dell'America, sono rimaste sorprese.	sono rimaste sorprese.	21.035844794652164	4
Mentre Carlo descriveva il miracolo ai fedeli, erano in estasi.	Mentre Carlo descriveva il miracolo ai fedeli, erano in estasi.	erano in estasi.	25.157344985742718	5
Mentre descrivevo il miracolo ai fedeli, erano in estasi.	Mentre descrivevo il miracolo ai fedeli, erano in estasi.	erano in estasi.	23.90966934378269	5
Quando Silvia ha portato in vacanza i cugini, si sono annoiati.	Quando Silvia ha portato in vacanza i cugini, si sono annoiati.	si sono annoiati.	30.659947807073838	5
Quando ho portato in vacanza i cugini, si sono annoiati.	Quando ho portato in vacanza i cugini, si sono annoiati.	si sono annoiati.	33.00523270278602	5
Dopo che Stefania ha rimproverato i bambini, hanno chiesto scusa.	Dopo che Stefania ha rimproverato i bambini, hanno chiesto scusa.	hanno chiesto scusa.	16.730596316705203	4
Dopo che hai rimproverato i bambini, hanno chiesto scusa.	Dopo che hai rimproverato i bambini, hanno chiesto scusa.	hanno chiesto scusa.	18.840497429207176	4
Quando Giuseppe ha insultato gli amici, erano ubriachi.	Quando Giuseppe ha insultato gli amici, erano ubriachi.	erano ubriachi.	22.010399476041947	4
Quando hai insultato gli amici, erano ubriachi.	Quando hai insultato gli amici, erano ubriachi.	erano ubriachi.	26.833439586948344	4
Dopo che Marina ha salutato le amiche, sono salite in macchina.	Dopo che Marina ha salutato le amiche, sono salite in macchina.	sono salite in macchina.	28.507917953221657	5
Dopo che hai salutato le amiche, sono salite in macchina.	Dopo che hai salutato le amiche, sono salite in macchina.	sono salite in macchina.	32.199104781539255	5
Quando Luciano ha premiato i vincitori, hanno ringraziato gli organizzatori.	Quando Luciano ha premiato i vincitori, hanno ringraziato gli organizzatori.	hanno ringraziato gli organizzatori.	25.434086782663382	6
Quando hai premiato i vincitori, hanno ringraziato gli organizzatori.	Quando hai premiato i vincitori, hanno ringraziato gli organizzatori.	hanno ringraziato gli organizzatori.	23.876458306147285	6
Dopo che Lina ha chiesto scusa ai colleghi, si sono calmati.	Dopo che Lina ha chiesto scusa ai colleghi, si sono calmati.	si sono calmati.	27.915821077653455	5
Dopo che hai chiesto scusa ai colleghi, si sono calmati.	Dopo che hai chiesto scusa ai colleghi, si sono calmati.	si sono calmati.	30.782029485967584	5
Quando Luisa ha accusato i professori, hanno reagito immediatamente.	Quando Luisa ha accusato i professori, hanno reagito immediatamente.	hanno reagito immediatamente.	23.12405434730558	5
Quando hai accusato i professori, hanno reagito immediatamente.	Quando hai accusato i professori, hanno reagito immediatamente.	hanno reagito immediatamente.	24.891126200830673	5
Quando Luigi ha intervistato i candidati, hanno fatto tutti la stessa domanda.	Quando Luigi ha intervistato i candidati, hanno fatto tutti la stessa domanda.	hanno fatto tutti la stessa domanda.	40.03200974388645	7
Quando hai intervistato i candidati, hanno fatto tutti la stessa domanda.	Quando hai intervistato i candidati, hanno fatto tutti la stessa domanda.	hanno fatto tutti la stessa domanda.	42.03646121559215	7
Dopo che Antonio ha mandato a chiamare i testimoni, sono diventati irreperibili.	Dopo che Antonio ha mandato a chiamare i testimoni, sono diventati irreperibili.	sono diventati irreperibili.	39.31333264295826	6
Dopo che hai mandato a chiamare i testimoni, sono diventati irreperibili.	Dopo che hai mandato a chiamare i testimoni, sono diventati irreperibili.	sono diventati irreperibili.	38.00319580426147	6
Quando Gianni ha annunciato i vincitori, sono saliti sul palcoscenico.	Quando Gianni ha annunciato i vincitori, sono saliti sul palcoscenico.	sono saliti sul palcoscenico.	41.752217007189174	6
Quando hai annunciato i vincitori, sono saliti sul palcoscenico.	Quando hai annunciato i vincitori, sono saliti sul palcoscenico.	sono saliti sul palcoscenico.	40.10901764504094	6
