FullSentence	Sentence	TargetWords	Surprisal	NumTokens
Quando hai litigato con Maria, eri molto prepotente.	Quando hai litigato con Maria, eri molto prepotente.	eri molto prepotente.	43.139341704943824	5
Quando Maria ha litigato con te, eri molto prepotente.	Quando Maria ha litigato con te, eri molto prepotente.	eri molto prepotente.	42.15782777148486	5
Quando Maria ha litigato con te, era molto prepotente.	Quando Maria ha litigato con te, era molto prepotente.	era molto prepotente.	41.291340802987364	5
Quando hai litigato con Maria, era molto prepotente.	Quando hai litigato con Maria, era molto prepotente.	era molto prepotente.	41.650321544137135	5
Adesso che lavori con Paola, sei sempre puntuale.	Adesso che lavori con Paola, sei sempre puntuale.	sei sempre puntuale.	37.16304787376648	5
Adesso che Paola lavora con te, sei sempre puntuale.	Adesso che Paola lavora con te, sei sempre puntuale.	sei sempre puntuale.	36.34862733198428	5
Adesso che Paola lavora con te, è sempre puntuale.	Adesso che Paola lavora con te, è sempre puntuale.	è sempre puntuale.	33.755818616015176	5
Adesso che lavori con Paola, è sempre puntuale.	Adesso che lavori con Paola, è sempre puntuale.	è sempre puntuale.	34.84676301833532	5
Da quando collabori con Olga, hai avuto solo guai.	Da quando collabori con Olga, hai avuto solo guai.	hai avuto solo guai.	41.57360330747852	5
Da quando Olga collabora con te, hai avuto solo guai.	Da quando Olga collabora con te, hai avuto solo guai.	hai avuto solo guai.	39.425502513134944	5
Da quando Olga collabora con te, ha avuto solo guai.	Da quando Olga collabora con te, ha avuto solo guai.	ha avuto solo guai.	37.57081342482919	5
Da quando collabori con Olga, ha avuto solo guai.	Da quando collabori con Olga, ha avuto solo guai.	ha avuto solo guai.	41.28769520732388	5
Prima che tu chiarissi la questione con Bruno, eri impaziente.	Prima che tu chiarissi la questione con Bruno, eri impaziente.	eri impaziente.	30.914484558461254	4
Prima che Bruno chiarisse la questione con te, eri impaziente.	Prima che Bruno chiarisse la questione con te, eri impaziente.	eri impaziente.	30.09534304570499	4
Prima che Bruno chiarisse la questione con te, era impaziente.	Prima che Bruno chiarisse la questione con te, era impaziente.	era impaziente.	27.138693067599338	4
Prima che tu chiarissi la questione con Bruno, era impaziente.	Prima che tu chiarissi la questione con Bruno, era impaziente.	era impaziente.	31.20426385706419	4
Dopo che hai avuto quel siguido con Nando, ti comporti stranamente.	Dopo che hai avuto quel siguido con Nando, ti comporti stranamente.	ti comporti stranamente.	42.066158717690044	5
Dopo che Nando ha avuto quel disguido con te, ti comporti stranamente.	Dopo che Nando ha avuto quel disguido con te, ti comporti stranamente.	ti comporti stranamente.	42.91445985679479	5
Dopo che Nando ha avuto quel disguido con te, si comporta stranamente.	Dopo che Nando ha avuto quel disguido con te, si comporta stranamente.	si comporta stranamente.	41.951837924214814	5
Dopo che hai avuto quel siguido con Nando, si comporta stranamente.	Dopo che hai avuto quel siguido con Nando, si comporta stranamente.	si comporta stranamente.	47.55313611566972	5
Adesso che sei tornato da Maria, sei molto più felice.	Adesso che sei tornato da Maria, sei molto più felice.	sei molto più felice.	30.721510561333915	5
Adesso che Maria è tornata da te, sei molto più felice.	Adesso che Maria è tornata da te, sei molto più felice.	sei molto più felice.	30.327350514729023	5
Adesso che Maria è tornata da te, è molto piu felice.	Adesso che Maria è tornata da te, è molto piu felice.	è molto piu felice.	34.833092289546556	5
Adesso che sei tornato da Maria, è molto piu felice.	Adesso che sei tornato da Maria, è molto piu felice.	è molto piu felice.	38.86857774952459	5
L'ultima volta che sei uscito con Guido, hai pagato il conto.	L'ultima volta che sei uscito con Guido, hai pagato il conto.	hai pagato il conto.	34.39386556057278	5
L'ultima volta che Guido è uscito con te, hai pagato il conto.	L'ultima volta che Guido è uscito con te, hai pagato il conto.	hai pagato il conto.	33.228988331062844	5
L'ultima volta che Guido è uscito con te, ha pagato il conto.	L'ultima volta che Guido è uscito con te, ha pagato il conto.	ha pagato il conto.	34.11067234987346	5
L'ultima volta che sei uscito con Guido, ha pagato il conto.	L'ultima volta che sei uscito con Guido, ha pagato il conto.	ha pagato il conto.	37.1013400173725	5
Quando eri in classe con Lucia, avevi quindici anni.	Quando eri in classe con Lucia, avevi quindici anni.	avevi quindici anni.	30.905632750349003	4
Quando Lucia era in classe con te, avevi quindici anni.	Quando Lucia era in classe con te, avevi quindici anni.	avevi quindici anni.	33.02181056905683	4
Quando Lucia era in classe con te, aveva quindici anni.	Quando Lucia era in classe con te, aveva quindici anni.	aveva quindici anni.	29.003659911744624	4
Quando eri in classe con Lucia, aveva quindici anni.	Quando eri in classe con Lucia, aveva quindici anni.	aveva quindici anni.	33.10799451156535	4
Quando ti sei messo in contatto con Marta, abitavi ancora a Milano.	Quando ti sei messo in contatto con Marta, abitavi ancora a Milano.	abitavi ancora a Milano.	52.47324347512211	6
Quando Marta si è messa in contatto con te, abitavi ancora a Milano.	Quando Marta si è messa in contatto con te, abitavi ancora a Milano.	abitavi ancora a Milano.	49.17448995595651	6
Quando Marta si è messa in contatto con te, abitava ancora a Milano.	Quando Marta si è messa in contatto con te, abitava ancora a Milano.	abitava ancora a Milano.	46.78305212905034	6
Quando ti sei messo in contatto con Marta, abitava ancora a Milano.	Quando ti sei messo in contatto con Marta, abitava ancora a Milano.	abitava ancora a Milano.	54.67872408128888	6
Da quando hai rotto con Mario, sei di cattivo umore.	Da quando hai rotto con Mario, sei di cattivo umore.	sei di cattivo umore.	48.11122086183352	5
Da quando Mario ha rotto con te, sei di cattivo umore.	Da quando Mario ha rotto con te, sei di cattivo umore.	sei di cattivo umore.	49.7654568635049	5
Da quando Mario ha rotto con te, è di cattivo umore.	Da quando Mario ha rotto con te, è di cattivo umore.	è di cattivo umore.	43.136356701475854	5
Da quando hai rotto con Mario, è di cattivo umore.	Da quando hai rotto con Mario, è di cattivo umore.	è di cattivo umore.	46.66694422146009	5
Quando ho accettato di lavorare con Mario, non prevedevo complicazioni.	Quando ho accettato di lavorare con Mario, non prevedevo complicazioni.	non prevedevo complicazioni.	55.37943029836665	5
Quando Mario ha accettato di lavorare con me, non prevedevo complicazioni.	Quando Mario ha accettato di lavorare con me, non prevedevo complicazioni.	non prevedevo complicazioni.	55.26513323669008	5
Quando Mario ha accettato di lavorare con me, non prevedeva complicazioni.	Quando Mario ha accettato di lavorare con me, non prevedeva complicazioni.	non prevedeva complicazioni.	45.297748001487776	4
Quando ho accettato di lavorare con Mario, non prevedeva complicazioni.	Quando ho accettato di lavorare con Mario, non prevedeva complicazioni.	non prevedeva complicazioni.	43.503647233244685	4
Durante l'anno che ho abitato con Marco, ho imparato a cucinare.	Durante l'anno che ho abitato con Marco, ho imparato a cucinare.	ho imparato a cucinare.	25.249059260154727	5
Durante l'anno che Marco ha abitato con me, ho imparato a cucinare.	Durante l'anno che Marco ha abitato con me, ho imparato a cucinare.	ho imparato a cucinare.	25.36454546835675	5
Durante l'anno che Marco ha abitato con me, ha imparato a cucinare.	Durante l'anno che Marco ha abitato con me, ha imparato a cucinare.	ha imparato a cucinare.	28.445633236770085	5
Durante l'anno che ho abitato con Marco, ha imparato a cucinare.	Durante l'anno che ho abitato con Marco, ha imparato a cucinare.	ha imparato a cucinare.	29.78524442103362	5
Quando ho avuto bisogno di Maria, sono stato sempre gentile.	Quando ho avuto bisogno di Maria, sono stato sempre gentile.	sono stato sempre gentile.	36.76357008828728	5
Quando Maria ha avuto bisogno di me, sono stato sempre gentile.	Quando Maria ha avuto bisogno di me, sono stato sempre gentile.	sono stato sempre gentile.	41.090545096645144	5
Quando Maria ha avuto bisogno di me, è stata sempre gentile.	Quando Maria ha avuto bisogno di me, è stata sempre gentile.	è stata sempre gentile.	39.99760834472073	5
Quando ho avuto bisogno di Maria, è stata sempre gentile.	Quando ho avuto bisogno di Maria, è stata sempre gentile.	è stata sempre gentile.	43.652269111352396	5
Ogni volta che ho fatto una scommessa con Pietro, ho sempre perso.	Ogni volta che ho fatto una scommessa con Pietro, ho sempre perso.	ho sempre perso.	30.749440134201578	4
Ogni volta che Roberto ha fatto una scommessa con me, ho sempre perso.	Ogni volta che Roberto ha fatto una scommessa con me, ho sempre perso.	ho sempre perso.	28.94563822431089	4
Ogni volta che Roberto ha fatto una scommessa con me, ha sempre perso.	Ogni volta che Roberto ha fatto una scommessa con me, ha sempre perso.	ha sempre perso.	29.883662920078276	4
Ogni volta che ho fatto una scommessa con Pietro, ha sempre perso.	Ogni volta che ho fatto una scommessa con Pietro, ha sempre perso.	ha sempre perso.	31.406553982252458	4
L'ultima volta che ho cucinato per Franca, ero in vacanza.	L'ultima volta che ho cucinato per Franca, ero in vacanza.	ero in vacanza.	17.461446134610988	4
L'ultima volta che Franca ha cucinato per me, ero in vacanza.	L'ultima volta che Franca ha cucinato per me, ero in vacanza.	ero in vacanza.	18.94266238664811	4
L'ultima volta che Franca ha cucinato per me, era in vacanza.	L'ultima volta che Franca ha cucinato per me, era in vacanza.	era in vacanza.	19.234537678233036	4
L'ultima volta che ho cucinato per Franca, era in vacanza.	L'ultima volta che ho cucinato per Franca, era in vacanza.	era in vacanza.	21.423183171236445	4
Dopo che ho divorziato da Lucio, ho cambiato lavoro.	Dopo che ho divorziato da Lucio, ho cambiato lavoro.	ho cambiato lavoro.	21.54678103454474	4
Dopo che Lucio ha divorziato da me, ho cambiato lavoro.	Dopo che Lucio ha divorziato da me, ho cambiato lavoro.	ho cambiato lavoro.	25.036490510845386	4
Dopo che Lucio ha divorziato da me, ha cambiato lavoro.	Dopo che Lucio ha divorziato da me, ha cambiato lavoro.	ha cambiato lavoro.	24.484054320757263	4
Dopo che ho divorziato da Lucio, ha cambiato lavoro.	Dopo che ho divorziato da Lucio, ha cambiato lavoro.	ha cambiato lavoro.	28.391994878276297	4
Quando ho fatto la pace con Mario, avevo già la ragazza.	Quando ho fatto la pace con Mario, avevo già la ragazza.	avevo già la ragazza.	42.103581719553716	5
Quando Mario ha fatto la pace con me, avevo già la ragazza.	Quando Mario ha fatto la pace con me, avevo già la ragazza.	avevo già la ragazza.	46.62756514612587	5
Quando Mario ha fatto la pace con me, aveva già la ragazza.	Quando Mario ha fatto la pace con me, aveva già la ragazza.	aveva già la ragazza.	44.51992708460053	5
Quando ho fatto la pace con Mario, aveva già la ragazza.	Quando ho fatto la pace con Mario, aveva già la ragazza.	aveva già la ragazza.	42.21324273328703	5
Prima che mi separassi da Gianni, avevo già un altro uomo.	Prima che mi separassi da Gianni, avevo già un altro uomo.	avevo già un altro uomo.	54.597666985795826	6
Prima che Gianni si separasse da me, avevo già un altro uomo.	Prima che Gianni si separasse da me, avevo già un altro uomo.	avevo già un altro uomo.	53.43723505077573	6
Prima che Gianni si separasse da me, aveva già un'altra donna.	Prima che Gianni si separasse da me, aveva già un'altra donna.	aveva già un'altra donna.	53.96270162169615	7
Prima che mi separassi da Gianni, aveva già un'altra donna.	Prima che mi separassi da Gianni, aveva già un'altra donna.	aveva già un'altra donna.	61.027666932971144	7
Dopo che mi sono riconciliato con Ugo, sono più tollerante.	Dopo che mi sono riconciliato con Ugo, sono più tollerante.	sono più tollerante.	39.783595261159846	5
Dopo che Ugo si è riconciliato con me, sono più tollerante.	Dopo che Ugo si è riconciliato con me, sono più tollerante.	sono più tollerante.	38.427959135295346	5
Dopo che Ugo si è riconciliato con me, è più tollerante.	Dopo che Ugo si è riconciliato con me, è più tollerante.	è più tollerante.	40.796879353928254	5
Dopo che mi sono riconciliato con Ugo, è più tollerante.	Dopo che mi sono riconciliato con Ugo, è più tollerante.	è più tollerante.	41.99952481117041	5
Quando ho chiesto consiglio a Remo, non sapevo che cosa fare.	Quando ho chiesto consiglio a Remo, non sapevo che cosa fare.	non sapevo che cosa fare.	25.17932966496594	6
Quando Remo ha chiesto consiglio a me, non sapevo che cosa fare.	Quando Remo ha chiesto consiglio a me, non sapevo che cosa fare.	non sapevo che cosa fare.	25.462710226523154	6
Quando Remo ha chiesto consiglio a me, non sapeva che cosa fare.	Quando Remo ha chiesto consiglio a me, non sapeva che cosa fare.	non sapeva che cosa fare.	30.16773641178516	6
Quando ho chiesto consiglio a Remo, non sapeva che cosa fare.	Quando ho chiesto consiglio a Remo, non sapeva che cosa fare.	non sapeva che cosa fare.	32.82139946632817	6
Quando Mario chiama Liliana, è contento.	Quando Mario chiama Liliana, è contento.	è contento.	16.293599270086265	3
Quando Mario chiama Liliana, è contenta.	Quando Mario chiama Liliana, è contenta.	è contenta.	16.543037428406652	3
Dopo che Paola ha telefonato a Piero, è andata al cinema.	Dopo che Paola ha telefonato a Piero, è andata al cinema.	è andata al cinema.	31.721993814607817	5
Dopo che Paola ha telefonato a Piero, è andato al cinema.	Dopo che Paola ha telefonato a Piero, è andato al cinema.	è andato al cinema.	34.7621530012357	5
Prima che Maria sposasse Roberto, era sempre serena.	Prima che Maria sposasse Roberto, era sempre serena.	era sempre serena.	32.085158231526115	4
Prima che Maria sposasse Roberto, era sempre sereno.	Prima che Maria sposasse Roberto, era sempre sereno.	era sempre sereno.	31.802563950316173	5
Quando Giuseppe ha insultato Chiara, era ubriaco.	Quando Giuseppe ha insultato Chiara, era ubriaco.	era ubriaco.	19.748180318796038	3
Quando Giuseppe ha insultato Chiara, era ubriaca.	Quando Giuseppe ha insultato Chiara, era ubriaca.	era ubriaca.	21.643973062493785	3
Prima che Flavio conoscesse Donata, era piuttosto grasso.	Prima che Flavio conoscesse Donata, era piuttosto grasso.	era piuttosto grasso.	33.96415481029031	4
Prima che Flavio conoscesse Donata, era piuttosto grassa.	Prima che Flavio conoscesse Donata, era piuttosto grassa.	era piuttosto grassa.	34.4627752269915	4
Dopo che Marina ha salutato Enrico, è salita sul treno.	Dopo che Marina ha salutato Enrico, è salita sul treno.	è salita sul treno.	35.8429056980337	5
Dopo che Marina ha salutato Enrico, è salito sul treno.	Dopo che Marina ha salutato Enrico, è salito sul treno.	è salito sul treno.	32.83217158174582	5
Quando Gianni ha salutato Rosa, si è messo a piangere.	Quando Gianni ha salutato Rosa, si è messo a piangere.	si è messo a piangere.	23.369897200227918	6
Quando Gianni ha salutato Rosa, si è messa a piangere.	Quando Gianni ha salutato Rosa, si è messa a piangere.	si è messa a piangere.	25.28398664055556	6
Da quando Francesca frequenta Sandro, è diventata arrogante.	Da quando Francesca frequenta Sandro, è diventata arrogante.	è diventata arrogante.	44.47963458368225	5
Da quando Francesca frequenta Sandro, è diventato arrogante.	Da quando Francesca frequenta Sandro, è diventato arrogante.	è diventato arrogante.	41.69435220808238	5
Adesso che Elena lavora con Carlo, è tranquilla.	Adesso che Elena lavora con Carlo, è tranquilla.	è tranquilla.	19.043970852915397	3
Adesso che Elena lavora con Carlo, è tranquillo.	Adesso che Elena lavora con Carlo, è tranquillo.	è tranquillo.	17.720979233281827	3
Quando Silvio è andato in vacanza con Emma, si è annoiato.	Quando Silvio è andato in vacanza con Emma, si è annoiato.	si è annoiato.	30.042441490248834	5
Quando Silvio è andato in vacanza con Emma, si è annoiata.	Quando Silvio è andato in vacanza con Emma, si è annoiata.	si è annoiata.	30.72947851378204	5
Dopo che Maria ha litigato con Franco, è diventata intollerabile.	Dopo che Maria ha litigato con Franco, è diventata intollerabile.	è diventata intollerabile.	61.44131548587696	7
Dopo che Maria ha litigato con Franco, è diventato intollerabile.	Dopo che Maria ha litigato con Franco, è diventato intollerabile.	è diventato intollerabile.	58.1536133728144	7
Dopo che Irene ha parlato con Vito, si è sentita sollevata.	Dopo che Irene ha parlato con Vito, si è sentita sollevata.	si è sentita sollevata.	39.27114631568332	5
Dopo che Irene ha parlato con Vito, si è sentito sollevato.	Dopo che Irene ha parlato con Vito, si è sentito sollevato.	si è sentito sollevato.	36.40553614716812	5
Quando Pietro ha dato un bacio ad Angela, sembrava un po' impacciato.	Quando Pietro ha dato un bacio ad Angela, sembrava un po'impacciato.	sembrava un po'impacciato.	62.85482724481336	7
Quando Pietro ha dato un bacio ad Angela, sembrava un po' impacciata.	Quando Pietro ha dato un bacio ad Angela, sembrava un po'impacciata.	sembrava un po'impacciata.	61.61281229933676	7
Quando Stefano ha licenziato Angela, era molto arrabbiato.	Quando Stefano ha licenziato Angela, era molto arrabbiato.	era molto arrabbiato.	21.32042638268261	4
Quando Stefano ha licenziato Angela, era molto arrabbiata.	Quando Stefano ha licenziato Angela, era molto arrabbiata.	era molto arrabbiata.	22.068965526570327	4
Quando Ettore ha presentato Giovanna ai genitori, era nervoso.	Quando Ettore ha presentato Giovanna ai genitori, era nervoso.	era nervoso.	24.053106170073267	3
Quando Ettore ha presentato Giovanna ai genitori, era nervosa.	Quando Ettore ha presentato Giovanna ai genitori, era nervosa.	era nervosa.	23.471764746396012	3
Dopo che Marcello ha pubblicizzato il caso di Livia, è diventato famoso.	Dopo che Marcello ha pubblicizzato il caso di Livia, è diventato famoso.	è diventato famoso.	28.505612043853287	4
Dopo che Marcello ha pubblicizzato il caso di Livia, è diventata famosa.	Dopo che Marcello ha pubblicizzato il caso di Livia, è diventata famosa.	è diventata famosa.	31.88707695242928	4
Dopo che Claudia ha rivisto Sergio, è diventata nevrotica.	Dopo che Claudia ha rivisto Sergio, è diventata nevrotica.	è diventata nevrotica.	47.096271504739654	6
Dopo che Claudia ha rivisto Sergio, è diventato nevrotico.	Dopo che Claudia ha rivisto Sergio, è diventato nevrotico.	è diventato nevrotico.	44.379557311519925	6
Quando Daniele è ritornato da Anna, era molto depresso.	Quando Daniele è ritornato da Anna, era molto depresso.	era molto depresso.	55.7716912263277	5
Quando Daniele è ritornato da Anna, era molto depressa.	Quando Daniele è ritornato da Anna, era molto depressa.	era molto depressa.	57.480981639928224	5
Dopo che Adriana ha rotto con Mimmo, è diventata insopportabile.	Dopo che Adriana ha rotto con Mimmo, è diventata insopportabile.	è diventata insopportabile.	64.78292883788143	8
Dopo che Adriana ha rotto con Mimmo, è diventato insopportabile.	Dopo che Adriana ha rotto con Mimmo, è diventato insopportabile.	è diventato insopportabile.	60.03245695531934	8
Mentre Lorenzo salutava Daniela, sembrava molto sereno.	Mentre Lorenzo salutava Daniela, sembrava molto sereno.	sembrava molto sereno.	64.46557817248525	5
Mentre Lorenzo salutava Daniela, sembrava molto serena.	Mentre Lorenzo salutava Daniela, sembrava molto serena.	sembrava molto serena.	32.34161974953755	4
Quando Luisa ha raccontato l'incidente ad Antonio, è impallidita.	Quando Luisa ha raccontato l'incidente ad Antonio, è impallidita.	è impallidita.	44.62670417387904	5
Quando Luisa ha raccontato l'incidente ad Antonio, è impallidito.	Quando Luisa ha raccontato l'incidente ad Antonio, è impallidito.	è impallidito.	46.017036645572325	5
Prima che Lina si riconciliasse con Davide, era piuttosto seccata.	Prima che Lina si riconciliasse con Davide, era piuttosto seccata.	era piuttosto seccata.	50.59020354621565	5
Prima che Lina si riconciliasse con Davide, era piuttosto seccato.	Prima che Lina si riconciliasse con Davide, era piuttosto seccato.	era piuttosto seccato.	51.10598917785567	5
Mentre Carlo descriveva il miracolo a Rosa, era estatico.	Mentre Carlo descriveva il miracolo a Rosa, era estatico.	era estatico.	46.3054577755778	5
Mentre Carlo descriveva il miracolo a Rosa, era estatica.	Mentre Carlo descriveva il miracolo a Rosa, era estatica.	era estatica.	45.251128285765446	5
Prima che Guglielmo uscisse con Teresa, era molto timido.	Prima che Guglielmo uscisse con Teresa, era molto timido.	era molto timido.	34.148049023949255	5
Prima che Guglielmo uscisse con Teresa, era molto timida.	Prima che Guglielmo uscisse con Teresa, era molto timida.	era molto timida.	38.71732139684824	5
Adesso che Roberta lavora con Luigi, sembra più rilassata.	Adesso che Roberta lavora con Luigi, sembra più rilassata.	sembra più rilassata.	43.53471592058004	5
Adesso che Roberta lavora con Luigi, sembra più rilassato.	Adesso che Roberta lavora con Luigi, sembra più rilassato.	sembra più rilassato.	43.04871013890677	5
Prima che Daniele andasse a vivere con Piera, era molto ansioso.	Prima che Daniele andasse a vivere con Piera, era molto ansioso.	era molto ansioso.	35.65103631204595	5
Prima che Daniele andasse a vivere con Piera, era molto ansiosa.	Prima che Daniele andasse a vivere con Piera, era molto ansiosa.	era molto ansiosa.	38.40787697253879	5
Quando Carlotta litiga con Mario, rimane imbronciata per giorni.	Quando Carlotta litiga con Mario, rimane imbronciata per giorni.	rimane imbronciata per giorni.	79.20810682283279	7
Quando Carlotta litiga con Mario, rimane imbronciato per giorni.	Quando Carlotta litiga con Mario, rimane imbronciato per giorni.	rimane imbronciato per giorni.	81.78540922831934	7
Non appena Pina ha scoperto il segreto di Mario, è diventata sospettosa.	Non appena Pina ha scoperto il segreto di Mario, è diventata sospettosa.	è diventata sospettosa.	45.84391735661523	5
Non appena Pina ha scoperto il segreto di Mario, è diventato sospettoso.	Non appena Pina ha scoperto il segreto di Mario, è diventato sospettoso.	è diventato sospettoso.	51.41814898583246	5
Dopo che Roberto ha incontrato Irma al bar, è tornato a casa.	Dopo che Roberto ha incontrato Irma al bar, è tornato a casa.	è tornato a casa.	25.334786709507675	5
Dopo che Roberto ha incontrato Irma al bar, è tornata a casa.	Dopo che Roberto ha incontrato Irma al bar, è tornata a casa.	è tornata a casa.	30.112330290819134	5
Mentre Anna raccontava il terribile incidente a Giorgio, si è sentita mancare.	Mentre Anna raccontava il terribile incidente a Giorgio, si è sentita mancare.	si è sentita mancare.	40.77281853827875	5
Mentre Anna raccontava il terribile incidente a Giorgio, si è sentito mancare.	Mentre Anna raccontava il terribile incidente a Giorgio, si è sentito mancare.	si è sentito mancare.	38.625673386872855	5
Quando Maria cerca Roberto, diventa ansiosa.	Quando Maria cerca Roberto, diventa ansiosa.	diventa ansiosa.	28.570837731735804	4
Quando Maria cerca Roberto, diventa ansioso.	Quando Maria cerca Roberto, diventa ansioso.	diventa ansioso.	27.53930128588456	4
Quando Maria lo cerca, diventa ansioso.	Quando Maria lo cerca, diventa ansioso.	diventa ansioso.	29.237205527746934	4
Quando i Rossi lo cercano, diventa ansioso.	Quando i Rossi lo cercano, diventa ansioso.	diventa ansioso.	26.00980696068691	4
Dopo che Paola ha telefonato a Piero, è andata al bar.	Dopo che Paola ha telefonato a Piero, è andata al bar.	è andata al bar.	34.91421768910334	5
Dopo che Paola ha telefonato a Piero, è andato al bar.	Dopo che Paola ha telefonato a Piero, è andato al bar.	è andato al bar.	37.64373452485047	5
Dopo che Paola gli ha telefonato, è andato al bar.	Dopo che Paola gli ha telefonato, è andato al bar.	è andato al bar.	33.975310398629034	5
Dopo che i Neri gli hanno telefonato, è andato al bar.	Dopo che i Neri gli hanno telefonato, è andato al bar.	è andato al bar.	36.52132431259691	5
Dopo che Marina ha salutato Enrico, è salita sul treno.	Dopo che Marina ha salutato Enrico, è salita sul treno.	è salita sul treno.	35.8429056980337	5
Dopo che Marina ha salutato Enrico, è salito sul treno.	Dopo che Marina ha salutato Enrico, è salito sul treno.	è salito sul treno.	32.83217158174582	5
Dopo che Marina lo ha salutato, è salito sul treno.	Dopo che Marina lo ha salutato, è salito sul treno.	è salito sul treno.	33.105995906090314	5
Dopo che i Giorgi lo hanno salutato, è salito sul treno.	Dopo che i Giorgi lo hanno salutato, è salito sul treno.	è salito sul treno.	34.024858326316554	5
Da quando Franca frequenta Sandro, è diventata arrogante.	Da quando Franca frequenta Sandro, è diventata arrogante.	è diventata arrogante.	43.454626919758645	5
Da quando Franca frequenta Sandro, è diventato arrogante.	Da quando Franca frequenta Sandro, è diventato arrogante.	è diventato arrogante.	39.992684078576275	5
Da quando Franca lo frequenta, è diventato arrogante.	Da quando Franca lo frequenta, è diventato arrogante.	è diventato arrogante.	38.98882170545925	5
Da quando i Rossi lo frequentano, è diventato arrogante.	Da quando i Rossi lo frequentano, è diventato arrogante.	è diventato arrogante.	36.226085592784536	5
Dopo che Irene ha parlato con Vito, si è sentita sollevata.	Dopo che Irene ha parlato con Vito, si è sentita sollevata.	si è sentita sollevata.	39.27114631568332	5
Dopo che Irene ha parlato con Vito, si è sentito sollevato.	Dopo che Irene ha parlato con Vito, si è sentito sollevato.	si è sentito sollevato.	36.40553614716812	5
Dopo che Irene gli ha parlato, si è sentito sollevato.	Dopo che Irene gli ha parlato, si è sentito sollevato.	si è sentito sollevato.	34.160165705597805	5
Dopo che i Rinaldi gli hanno parlato, si è sentito sollevato.	Dopo che i Rinaldi gli hanno parlato, si è sentito sollevato.	si è sentito sollevato.	34.186515274592324	5
Quando Stefania ha licenziato Angelo, era molto arrabbiata.	Quando Stefania ha licenziato Angelo, era molto arrabbiata.	era molto arrabbiata.	23.164881317937535	4
Quando Stefania ha licenziato Angelo, era molto arrabbiato.	Quando Stefania ha licenziato Angelo, era molto arrabbiato.	era molto arrabbiato.	22.024092404010947	4
Quando Stefania lo ha licenziato, era molto arrabbiato.	Quando Stefania lo ha licenziato, era molto arrabbiato.	era molto arrabbiato.	21.640355672637217	4
Quando i Brambilla lo hanno licenziato, era molto arrabbiato.	Quando i Brambilla lo hanno licenziato, era molto arrabbiato.	era molto arrabbiato.	24.434495669971742	4
Mentre Luisa raccontava l'incidente a Teo, era pallida in viso.	Mentre Luisa raccontava l'incidente a Teo, era pallida in viso.	era pallida in viso.	54.5314232006581	6
Mentre Luisa raccontava l'incidente a Teo, era pallido in viso.	Mentre Luisa raccontava l'incidente a Teo, era pallido in viso.	era pallido in viso.	54.27168325181515	6
Mentre Luisa gli raccontava l'incidente, era pallido in viso.	Mentre Luisa gli raccontava l'incidente, era pallido in viso.	era pallido in viso.	51.65889948938443	6
Mentre i DeVito gli raccontavano l'incidente, era pallido in viso.	Mentre i DeVito gli raccontavano l'incidente, era pallido in viso.	era pallido in viso.	49.08073046789904	6
Quando Katia ha fatto quel regalo a Piero, non era ancora sposata.	Quando Katia ha fatto quel regalo a Piero, non era ancora sposata.	non era ancora sposata.	31.255141937362435	5
Quando Katia ha fatto quel regalo a Piero, non era ancora sposato.	Quando Katia ha fatto quel regalo a Piero, non era ancora sposato.	non era ancora sposato.	31.4137793026637	5
Quando Katia gli ha fatto quel regalo, non era ancora sposato.	Quando Katia gli ha fatto quel regalo, non era ancora sposato.	non era ancora sposato.	33.07293809838452	5
Quando i Bonino gli hanno fatto quel regalo, non era ancora sposato.	Quando i Bonino gli hanno fatto quel regalo, non era ancora sposato.	non era ancora sposato.	32.56002789768312	5
Quando Claudia ha conosciuto Lino, era già famosa.	Quando Claudia ha conosciuto Lino, era già famosa.	era già famosa.	34.82638800401788	4
Quando Claudia ha conosciuto Lino, era già famoso.	Quando Claudia ha conosciuto Lino, era già famoso.	era già famoso.	32.76051551007912	4
Quando Claudia lo ha conosciuto, era già famoso.	Quando Claudia lo ha conosciuto, era già famoso.	era già famoso.	34.09197332581553	4
Quando i Belli lo hanno conosciuto, era già famoso.	Quando i Belli lo hanno conosciuto, era già famoso.	era già famoso.	33.45544378169739	4
Quando Lucia ha rintracciato Marco, è rimasta sorpresa.	Quando Lucia ha rintracciato Marco, è rimasta sorpresa.	è rimasta sorpresa.	33.58956385126498	4
Quando Lucia ha rintracciato Marco, è rimasto sorpreso.	Quando Lucia ha rintracciato Marco, è rimasto sorpreso.	è rimasto sorpreso.	32.00011104613732	4
Quando Lucia lo ha rintracciato, è rimasto sorpreso.	Quando Lucia lo ha rintracciato, è rimasto sorpreso.	è rimasto sorpreso.	32.838585116385374	4
Quando i Burani lo hanno rintracciato, è rimasto sorpreso.	Quando i Burani lo hanno rintracciato, è rimasto sorpreso.	è rimasto sorpreso.	33.52341780211954	4
Quella sera che Gianna ha lasciato Marco a casa, era scocciata.	Quella sera che Gianna ha lasciato Marco a casa, era scocciata.	era scocciata.	37.96772719415088	4
Quella sera che Gianna ha lasciato Marco a casa, era scocciato.	Quella sera che Gianna ha lasciato Marco a casa, era scocciato.	era scocciato.	36.13098622731543	4
Quella sera che Gianna lo ha lasciato a casa, era scocciato.	Quella sera che Gianna lo ha lasciato a casa, era scocciato.	era scocciato.	32.953456981695915	4
Quella sera che i Moro lo hanno lasciato a casa, era scocciato.	Quella sera che i Moro lo hanno lasciato a casa, era scocciato.	era scocciato.	31.260335344587553	4
Da quando Rosa ha mandato via Ennio di casa, è diventata strana.	Da quando Rosa ha mandato via Ennio di casa, è diventata strana.	è diventata strana.	31.433630042853256	4
Da quando Rosa ha mandato via Ennio di casa, è diventato strano.	Da quando Rosa ha mandato via Ennio di casa, è diventato strano.	è diventato strano.	27.697715553354808	4
Da quando Rosa lo ha mandato via di casa, è diventato strano.	Da quando Rosa lo ha mandato via di casa, è diventato strano.	è diventato strano.	27.012277841617387	4
Da quando i Rossi lo hanno mandato via di casa, è diventato strano.	Da quando i Rossi lo hanno mandato via di casa, è diventato strano.	è diventato strano.	26.013612246742962	4
Quando Piero ha insultato Chiara, era ubriaco.	Quando Piero ha insultato Chiara, era ubriaco.	era ubriaco.	19.66532258899275	3
Quando Piero ha insultato Chiara, era ubriaca.	Quando Piero ha insultato Chiara, era ubriaca.	era ubriaca.	21.56622995258392	3
Quando Piero l'ha insultata, era ubriaca.	Quando Piero l'ha insultata, era ubriaca.	era ubriaca.	18.307659487561967	3
Quando i Bianchi l'hanno insultata, era ubriaca.	Quando i Bianchi l'hanno insultata, era ubriaca.	era ubriaca.	15.889814376093407	3
Prima che Flavio conoscesse Donata, era piuttosto grasso.	Prima che Flavio conoscesse Donata, era piuttosto grasso.	era piuttosto grasso.	33.96415481029031	4
Prima che Flavio conoscesse Donata, era piuttosto grassa.	Prima che Flavio conoscesse Donata, era piuttosto grassa.	era piuttosto grassa.	34.4627752269915	4
Prima che Flavio la conoscesse, era piuttosto grassa.	Prima che Flavio la conoscesse, era piuttosto grassa.	era piuttosto grassa.	32.390623649666075	4
Prima che i Rossi la conoscessero, era piuttosto grassa.	Prima che i Rossi la conoscessero, era piuttosto grassa.	era piuttosto grassa.	34.521465687414405	4
Da quando Gianni ha assunto Rosa come segretaria, è diventato pigro.	Da quando Gianni ha assunto Rosa come segretaria, è diventato pigro.	è diventato pigro.	35.05653168602173	5
Da quando Gianni ha assunto Rosa come segretaria, è diventata pigra.	Da quando Gianni ha assunto Rosa come segretaria, è diventata pigra.	è diventata pigra.	36.24396932405027	5
Da quando Gianni l'ha assunta come segretaria, è diventata pigra.	Da quando Gianni l'ha assunta come segretaria, è diventata pigra.	è diventata pigra.	30.109059731166518	5
Da quando i Manzoni l'hanno assunta come segretaria, è diventata pigra.	Da quando i Manzoni l'hanno assunta come segretaria, è diventata pigra.	è diventata pigra.	29.62279367345794	5
Quando Pietro ha baciato Angela, sembrava un po' impacciato.	Quando Pietro ha baciato Angela, sembrava un po'impacciato.	sembrava un po'impacciato.	61.55796095397879	7
Quando Pietro ha baciato Angela, sembrava un po' impacciata.	Quando Pietro ha baciato Angela, sembrava un po'impacciata.	sembrava un po'impacciata.	60.015644195386436	7
Quando Pietro l'ha baciata, sembrava un po' impacciata.	Quando Pietro l'ha baciata, sembrava un po'impacciata.	sembrava un po'impacciata.	57.5498939439434	7
Quando i Rossi l'hanno baciata, sembrava un po' impacciata.	Quando i Rossi l'hanno baciata, sembrava un po'impacciata.	sembrava un po'impacciata.	53.68402861562884	7
Il giorno che Ettore ha presentato Giovanna agli amici, era nervoso.	Il giorno che Ettore ha presentato Giovanna agli amici, era nervoso.	era nervoso.	25.15244616608859	3
Il giorno che Ettore ha presentato Giovanna agli amici, era nervosa.	Il giorno che Ettore ha presentato Giovanna agli amici, era nervosa.	era nervosa.	25.70309870045706	3
Il giorno che Ettore l'ha presentata agli amici, era nervosa.	Il giorno che Ettore l'ha presentata agli amici, era nervosa.	era nervosa.	21.701877634660903	3
Il giorno che i Minelli l'hanno presentata agli amici, era nervosa.	Il giorno che i Minelli l'hanno presentata agli amici, era nervosa.	era nervosa.	23.59574897949519	3
Quando Lorenzo ha chiamato Daniela, era contento.	Quando Lorenzo ha chiamato Daniela, era contento.	era contento.	19.98135012266024	3
Quando Lorenzo ha chiamato Daniela, era contenta.	Quando Lorenzo ha chiamato Daniela, era contenta.	era contenta.	21.14529975642208	3
Quando Lorenzo l'ha chiamata, era contenta.	Quando Lorenzo l'ha chiamata, era contenta.	era contenta.	17.58052997960146	3
Quando i Lombardi l'hanno chiamata, era contenta.	Quando i Lombardi l'hanno chiamata, era contenta.	era contenta.	21.533308410963613	3
Quando Ugo ha dato il benvenuto ad Anna, sembrava preoccupato.	Quando Ugo ha dato il benvenuto ad Anna, sembrava preoccupato.	sembrava preoccupato.	31.171056488036495	3
Quando Ugo ha dato il benvenuto ad Anna, sembrava preoccupata.	Quando Ugo ha dato il benvenuto ad Anna, sembrava preoccupata.	sembrava preoccupata.	32.47988891773383	3
Quando Ugo le ha dato il benvenuto, sembrava preoccupata.	Quando Ugo le ha dato il benvenuto, sembrava preoccupata.	sembrava preoccupata.	28.710408734600065	3
Quando i Volpi le hanno dato il benvenuto, sembrava preoccupata.	Quando i Volpi le hanno dato il benvenuto, sembrava preoccupata.	sembrava preoccupata.	27.257138535995082	3
Mentre Carlo descriveva il miracolo a Rosa, era estatico.	Mentre Carlo descriveva il miracolo a Rosa, era estatico.	era estatico.	46.3054577755778	5
Mentre Carlo descriveva il miracolo a Rosa, era estatica.	Mentre Carlo descriveva il miracolo a Rosa, era estatica.	era estatica.	45.251128285765446	5
Mentre Carlo le descriveva il miracolo, era estatica.	Mentre Carlo le descriveva il miracolo, era estatica.	era estatica.	41.391014683363494	5
Mentre i Franchi le descrivevano il miracolo, era estatica.	Mentre i Franchi le descrivevano il miracolo, era estatica.	era estatica.	42.669191019465536	5
Dopo che Nino ha incontrato Irma al bar, è tornato a casa.	Dopo che Nino ha incontrato Irma al bar, è tornato a casa.	è tornato a casa.	25.402152001052023	5
Dopo che Nino ha incontrato Irma al bar, è tornata a casa.	Dopo che Nino ha incontrato Irma al bar, è tornata a casa.	è tornata a casa.	31.12679021531114	5
Dopo che Nino l'ha incontrata al bar, è tornata a casa.	Dopo che Nino l'ha incontrata al bar, è tornata a casa.	è tornata a casa.	25.418114473799314	5
Dopo che i Dolci l'hanno incontrata al bar, è tornata a casa.	Dopo che i Dolci l'hanno incontrata al bar, è tornata a casa.	è tornata a casa.	24.745180768873098	5
Dopo che Antonio ha invitato Lucia, si è ammalato.	Dopo che Antonio ha invitato Lucia, si è ammalato.	si è ammalato.	30.2823219602843	5
Dopo che Antonio ha invitato Lucia, si è ammalata.	Dopo che Antonio ha invitato Lucia, si è ammalata.	si è ammalata.	33.424316030528956	5
Dopo che Antonio l'ha invitata, si è ammalata.	Dopo che Antonio l'ha invitata, si è ammalata.	si è ammalata.	26.098292061377386	5
Dopo che i Bonomi l'hanno invitata, si è ammalata.	Dopo che i Bonomi l'hanno invitata, si è ammalata.	si è ammalata.	23.43139367008907	5
Quando Fulvio ha minacciato Carla, era tutto agitato.	Quando Fulvio ha minacciato Carla, era tutto agitato.	era tutto agitato.	44.00974256391951	5
Quando Fulvio ha minacciato Carla, era tutta agitata.	Quando Fulvio ha minacciato Carla, era tutta agitata.	era tutta agitata.	35.370629413300755	5
Quando Fulvio l'ha minacciata, era tutta agitata.	Quando Fulvio l'ha minacciata, era tutta agitata.	era tutta agitata.	37.43866279178666	5
Quando i Rizzi l'hanno minacciata, era tutta agitata.	Quando i Rizzi l'hanno minacciata, era tutta agitata.	era tutta agitata.	36.68004339387214	5
Quando Guido ha parlato con Ina, era depresso.	Quando Guido ha parlato con Ina, era depresso.	era depresso.	51.71055616000613	4
Quando Guido ha parlato con Ina, era depressa.	Quando Guido ha parlato con Ina, era depressa.	era depressa.	52.39272636325291	4
Quando Guido le ha parlato, era depressa.	Quando Guido le ha parlato, era depressa.	era depressa.	29.55533113759101	4
Quando i Ricci le hanno parlato, era depressa.	Quando i Ricci le hanno parlato, era depressa.	era depressa.	28.01275869889168	4
Dopo che Piero ha telefonato ai vigili del fuoco, sono venuti immediatamente.	Dopo che Piero ha telefonato ai vigili del fuoco, sono venuti immediatamente.	sono venuti immediatamente.	37.46308508152209	4
Dopo che ho telefonato ai vigili del fuoco, sono venuti immediatamente.	Dopo che ho telefonato ai vigili del fuoco, sono venuti immediatamente.	sono venuti immediatamente.	40.13223133657465	4
Quando Gianni ha salutato i nonni, sembravano veramente tristi.	Quando Gianni ha salutato i nonni, sembravano veramente tristi.	sembravano veramente tristi.	46.9198425351263	5
Quando ho salutato i nonni, sembravano veramente tristi.	Quando ho salutato i nonni, sembravano veramente tristi.	sembravano veramente tristi.	56.286410686581725	5
Dopo che Maria ha litigato con i suoceri, non telefonano più.	Dopo che Maria ha litigato con i suoceri, non telefonano più.	non telefonano più.	46.6400073476565	5
Dopo che ho litigato con i suoceri, non telefonano più.	Dopo che ho litigato con i suoceri, non telefonano più.	non telefonano più.	46.601737771771056	5
Dopo che Ettore ha ringraziato gli ospiti, se ne sono andati.	Dopo che Ettore ha ringraziato gli ospiti, se ne sono andati.	se ne sono andati.	27.837314725441882	5
Dopo che ho ringraziato gli ospiti, se ne sono andati.	Dopo che ho ringraziato gli ospiti, se ne sono andati.	se ne sono andati.	28.509805674690433	5
Quando Daniela è andata ad abitare con i nonni, erano felicissimi.	Quando Daniela è andata ad abitare con i nonni, erano felicissimi.	erano felicissimi.	41.226385638229004	4
Quando sono andato ad abitare con i nonni, erano felicissimi.	Quando sono andato ad abitare con i nonni, erano felicissimi.	erano felicissimi.	47.346322282732025	4
Da quando Adriana ha conosciuto quei ragazzi, non la lasciano in pace.	Da quando Adriana ha conosciuto quei ragazzi, non la lasciano in pace.	non la lasciano in pace.	44.28948959746302	6
Da quando ho conosciuto quei ragazzi, non mi lasciano in pace.	Da quando ho conosciuto quei ragazzi, non mi lasciano in pace.	non mi lasciano in pace.	43.973596154829615	6
Quando Claudia ha contattato le zie dell'America, sono rimaste sorprese.	Quando Claudia ha contattato le zie dell'America, sono rimaste sorprese.	sono rimaste sorprese.	29.89772425701796	4
Quando ho contattato le zie dell'America, sono rimaste sorprese.	Quando ho contattato le zie dell'America, sono rimaste sorprese.	sono rimaste sorprese.	30.602021680159694	4
Mentre Carlo descriveva il miracolo ai fedeli, erano in estasi.	Mentre Carlo descriveva il miracolo ai fedeli, erano in estasi.	erano in estasi.	52.54636206246072	5
Mentre descrivevo il miracolo ai fedeli, erano in estasi.	Mentre descrivevo il miracolo ai fedeli, erano in estasi.	erano in estasi.	70.8393942080536	5
Quando Silvia ha portato in vacanza i cugini, si sono annoiati.	Quando Silvia ha portato in vacanza i cugini, si sono annoiati.	si sono annoiati.	34.365574313980055	5
Quando ho portato in vacanza i cugini, si sono annoiati.	Quando ho portato in vacanza i cugini, si sono annoiati.	si sono annoiati.	37.897185977238266	5
Dopo che Stefania ha rimproverato i bambini, hanno chiesto scusa.	Dopo che Stefania ha rimproverato i bambini, hanno chiesto scusa.	hanno chiesto scusa.	45.389430435049164	4
Dopo che hai rimproverato i bambini, hanno chiesto scusa.	Dopo che hai rimproverato i bambini, hanno chiesto scusa.	hanno chiesto scusa.	56.04541390863333	4
Quando Giuseppe ha insultato gli amici, erano ubriachi.	Quando Giuseppe ha insultato gli amici, erano ubriachi.	erano ubriachi.	33.310781531145565	4
Quando hai insultato gli amici, erano ubriachi.	Quando hai insultato gli amici, erano ubriachi.	erano ubriachi.	36.18367035745808	4
Dopo che Marina ha salutato le amiche, sono salite in macchina.	Dopo che Marina ha salutato le amiche, sono salite in macchina.	sono salite in macchina.	50.31372710025858	6
Dopo che hai salutato le amiche, sono salite in macchina.	Dopo che hai salutato le amiche, sono salite in macchina.	sono salite in macchina.	51.052401265364416	6
Quando Luciano ha premiato i vincitori, hanno ringraziato gli organizzatori.	Quando Luciano ha premiato i vincitori, hanno ringraziato gli organizzatori.	hanno ringraziato gli organizzatori.	41.536896938535904	6
Quando hai premiato i vincitori, hanno ringraziato gli organizzatori.	Quando hai premiato i vincitori, hanno ringraziato gli organizzatori.	hanno ringraziato gli organizzatori.	59.79641638500384	6
Dopo che Lina ha chiesto scusa ai colleghi, si sono calmati.	Dopo che Lina ha chiesto scusa ai colleghi, si sono calmati.	si sono calmati.	25.862498634600374	4
Dopo che hai chiesto scusa ai colleghi, si sono calmati.	Dopo che hai chiesto scusa ai colleghi, si sono calmati.	si sono calmati.	29.150063696909513	4
Quando Luisa ha accusato i professori, hanno reagito immediatamente.	Quando Luisa ha accusato i professori, hanno reagito immediatamente.	hanno reagito immediatamente.	39.16942116947455	4
Quando hai accusato i professori, hanno reagito immediatamente.	Quando hai accusato i professori, hanno reagito immediatamente.	hanno reagito immediatamente.	42.980631996891354	4
Quando Luigi ha intervistato i candidati, hanno fatto tutti la stessa domanda.	Quando Luigi ha intervistato i candidati, hanno fatto tutti la stessa domanda.	hanno fatto tutti la stessa domanda.	67.84613841082513	7
Quando hai intervistato i candidati, hanno fatto tutti la stessa domanda.	Quando hai intervistato i candidati, hanno fatto tutti la stessa domanda.	hanno fatto tutti la stessa domanda.	91.15927628581484	7
Dopo che Antonio ha mandato a chiamare i testimoni, sono diventati irreperibili.	Dopo che Antonio ha mandato a chiamare i testimoni, sono diventati irreperibili.	sono diventati irreperibili.	54.530851915568505	6
Dopo che hai mandato a chiamare i testimoni, sono diventati irreperibili.	Dopo che hai mandato a chiamare i testimoni, sono diventati irreperibili.	sono diventati irreperibili.	56.987289991824575	6
Quando Gianni ha annunciato i vincitori, sono saliti sul palcoscenico.	Quando Gianni ha annunciato i vincitori, sono saliti sul palcoscenico.	sono saliti sul palcoscenico.	63.62356787110681	6
Quando hai annunciato i vincitori, sono saliti sul palcoscenico.	Quando hai annunciato i vincitori, sono saliti sul palcoscenico.	sono saliti sul palcoscenico.	59.89079964906864	6
