FullSentence	Sentence	TargetWords	Surprisal	NumTokens
Quando hai litigato con Maria, eri molto prepotente.	Quando hai litigato con Maria, eri molto prepotente.	eri molto prepotente.	28.057933077510555	6
Quando Maria ha litigato con te, eri molto prepotente.	Quando Maria ha litigato con te, eri molto prepotente.	eri molto prepotente.	30.706343596618144	6
Quando Maria ha litigato con te, era molto prepotente.	Quando Maria ha litigato con te, era molto prepotente.	era molto prepotente.	27.658448228506888	6
Quando hai litigato con Maria, era molto prepotente.	Quando hai litigato con Maria, era molto prepotente.	era molto prepotente.	28.323832495268597	6
Adesso che lavori con Paola, sei sempre puntuale.	Adesso che lavori con Paola, sei sempre puntuale.	sei sempre puntuale.	26.635656131639426	5
Adesso che Paola lavora con te, sei sempre puntuale.	Adesso che Paola lavora con te, sei sempre puntuale.	sei sempre puntuale.	25.72695928426058	5
Adesso che Paola lavora con te, è sempre puntuale.	Adesso che Paola lavora con te, è sempre puntuale.	è sempre puntuale.	25.85578080488663	5
Adesso che lavori con Paola, è sempre puntuale.	Adesso che lavori con Paola, è sempre puntuale.	è sempre puntuale.	27.926877217132333	5
Da quando collabori con Olga, hai avuto solo guai.	Da quando collabori con Olga, hai avuto solo guai.	hai avuto solo guai.	37.00408568383583	6
Da quando Olga collabora con te, hai avuto solo guai.	Da quando Olga collabora con te, hai avuto solo guai.	hai avuto solo guai.	30.369154682172944	6
Da quando Olga collabora con te, ha avuto solo guai.	Da quando Olga collabora con te, ha avuto solo guai.	ha avuto solo guai.	32.87454784208763	6
Da quando collabori con Olga, ha avuto solo guai.	Da quando collabori con Olga, ha avuto solo guai.	ha avuto solo guai.	37.253363735233705	6
Prima che tu chiarissi la questione con Bruno, eri impaziente.	Prima che tu chiarissi la questione con Bruno, eri impaziente.	eri impaziente.	30.3143051034843	5
Prima che Bruno chiarisse la questione con te, eri impaziente.	Prima che Bruno chiarisse la questione con te, eri impaziente.	eri impaziente.	28.28185293817539	5
Prima che Bruno chiarisse la questione con te, era impaziente.	Prima che Bruno chiarisse la questione con te, era impaziente.	era impaziente.	25.72099954969485	5
Prima che tu chiarissi la questione con Bruno, era impaziente.	Prima che tu chiarissi la questione con Bruno, era impaziente.	era impaziente.	29.77385656032427	5
Dopo che hai avuto quel siguido con Nando, ti comporti stranamente.	Dopo che hai avuto quel siguido con Nando, ti comporti stranamente.	ti comporti stranamente.	28.398668306327608	7
Dopo che Nando ha avuto quel disguido con te, ti comporti stranamente.	Dopo che Nando ha avuto quel disguido con te, ti comporti stranamente.	ti comporti stranamente.	28.62904025545678	7
Dopo che Nando ha avuto quel disguido con te, si comporta stranamente.	Dopo che Nando ha avuto quel disguido con te, si comporta stranamente.	si comporta stranamente.	26.172139024988265	5
Dopo che hai avuto quel siguido con Nando, si comporta stranamente.	Dopo che hai avuto quel siguido con Nando, si comporta stranamente.	si comporta stranamente.	29.904604712862366	5
Adesso che sei tornato da Maria, sei molto più felice.	Adesso che sei tornato da Maria, sei molto più felice.	sei molto più felice.	22.375408903429214	5
Adesso che Maria è tornata da te, sei molto più felice.	Adesso che Maria è tornata da te, sei molto più felice.	sei molto più felice.	20.965648375405085	5
Adesso che Maria è tornata da te, è molto piu felice.	Adesso che Maria è tornata da te, è molto piu felice.	è molto piu felice.	29.482362333931974	5
Adesso che sei tornato da Maria, è molto piu felice.	Adesso che sei tornato da Maria, è molto piu felice.	è molto piu felice.	35.38100156928294	5
L'ultima volta che sei uscito con Guido, hai pagato il conto.	L'ultima volta che sei uscito con Guido, hai pagato il conto.	hai pagato il conto.	18.421169646088188	6
L'ultima volta che Guido è uscito con te, hai pagato il conto.	L'ultima volta che Guido è uscito con te, hai pagato il conto.	hai pagato il conto.	19.596276135217593	6
L'ultima volta che Guido è uscito con te, ha pagato il conto.	L'ultima volta che Guido è uscito con te, ha pagato il conto.	ha pagato il conto.	17.720175085505236	6
L'ultima volta che sei uscito con Guido, ha pagato il conto.	L'ultima volta che sei uscito con Guido, ha pagato il conto.	ha pagato il conto.	23.90075727892138	6
Quando eri in classe con Lucia, avevi quindici anni.	Quando eri in classe con Lucia, avevi quindici anni.	avevi quindici anni.	20.893157936539417	6
Quando Lucia era in classe con te, avevi quindici anni.	Quando Lucia era in classe con te, avevi quindici anni.	avevi quindici anni.	22.260539064016932	6
Quando Lucia era in classe con te, aveva quindici anni.	Quando Lucia era in classe con te, aveva quindici anni.	aveva quindici anni.	21.134744886566384	5
Quando eri in classe con Lucia, aveva quindici anni.	Quando eri in classe con Lucia, aveva quindici anni.	aveva quindici anni.	23.090684364985865	5
Quando ti sei messo in contatto con Marta, abitavi ancora a Milano.	Quando ti sei messo in contatto con Marta, abitavi ancora a Milano.	abitavi ancora a Milano.	29.91797933689834	6
Quando Marta si è messa in contatto con te, abitavi ancora a Milano.	Quando Marta si è messa in contatto con te, abitavi ancora a Milano.	abitavi ancora a Milano.	29.158856979257216	6
Quando Marta si è messa in contatto con te, abitava ancora a Milano.	Quando Marta si è messa in contatto con te, abitava ancora a Milano.	abitava ancora a Milano.	30.306688348893008	6
Quando ti sei messo in contatto con Marta, abitava ancora a Milano.	Quando ti sei messo in contatto con Marta, abitava ancora a Milano.	abitava ancora a Milano.	32.168336984481044	6
Da quando hai rotto con Mario, sei di cattivo umore.	Da quando hai rotto con Mario, sei di cattivo umore.	sei di cattivo umore.	23.345898962093646	7
Da quando Mario ha rotto con te, sei di cattivo umore.	Da quando Mario ha rotto con te, sei di cattivo umore.	sei di cattivo umore.	20.561940506677225	7
Da quando Mario ha rotto con te, è di cattivo umore.	Da quando Mario ha rotto con te, è di cattivo umore.	è di cattivo umore.	25.39412152594466	7
Da quando hai rotto con Mario, è di cattivo umore.	Da quando hai rotto con Mario, è di cattivo umore.	è di cattivo umore.	30.044784146875877	7
Quando ho accettato di lavorare con Mario, non prevedevo complicazioni.	Quando ho accettato di lavorare con Mario, non prevedevo complicazioni.	non prevedevo complicazioni.	32.293941288099205	6
Quando Mario ha accettato di lavorare con me, non prevedevo complicazioni.	Quando Mario ha accettato di lavorare con me, non prevedevo complicazioni.	non prevedevo complicazioni.	32.88884944843423	6
Quando Mario ha accettato di lavorare con me, non prevedeva complicazioni.	Quando Mario ha accettato di lavorare con me, non prevedeva complicazioni.	non prevedeva complicazioni.	34.61014884479013	6
Quando ho accettato di lavorare con Mario, non prevedeva complicazioni.	Quando ho accettato di lavorare con Mario, non prevedeva complicazioni.	non prevedeva complicazioni.	37.76813082568735	6
Durante l'anno che ho abitato con Marco, ho imparato a cucinare.	Durante l'anno che ho abitato con Marco, ho imparato a cucinare.	ho imparato a cucinare.	20.02051594141626	7
Durante l'anno che Marco ha abitato con me, ho imparato a cucinare.	Durante l'anno che Marco ha abitato con me, ho imparato a cucinare.	ho imparato a cucinare.	21.695291531486102	7
Durante l'anno che Marco ha abitato con me, ha imparato a cucinare.	Durante l'anno che Marco ha abitato con me, ha imparato a cucinare.	ha imparato a cucinare.	17.251237509131187	7
Durante l'anno che ho abitato con Marco, ha imparato a cucinare.	Durante l'anno che ho abitato con Marco, ha imparato a cucinare.	ha imparato a cucinare.	23.61726804319676	7
Quando ho avuto bisogno di Maria, sono stato sempre gentile.	Quando ho avuto bisogno di Maria, sono stato sempre gentile.	sono stato sempre gentile.	25.951741098389864	5
Quando Maria ha avuto bisogno di me, sono stato sempre gentile.	Quando Maria ha avuto bisogno di me, sono stato sempre gentile.	sono stato sempre gentile.	23.45415304838471	5
Quando Maria ha avuto bisogno di me, è stata sempre gentile.	Quando Maria ha avuto bisogno di me, è stata sempre gentile.	è stata sempre gentile.	21.4604874478085	5
Quando ho avuto bisogno di Maria, è stata sempre gentile.	Quando ho avuto bisogno di Maria, è stata sempre gentile.	è stata sempre gentile.	24.262034679357875	5
Ogni volta che ho fatto una scommessa con Pietro, ho sempre perso.	Ogni volta che ho fatto una scommessa con Pietro, ho sempre perso.	ho sempre perso.	8.838359048747517	4
Ogni volta che Roberto ha fatto una scommessa con me, ho sempre perso.	Ogni volta che Roberto ha fatto una scommessa con me, ho sempre perso.	ho sempre perso.	9.131853316796857	4
Ogni volta che Roberto ha fatto una scommessa con me, ha sempre perso.	Ogni volta che Roberto ha fatto una scommessa con me, ha sempre perso.	ha sempre perso.	9.60475953846362	4
Ogni volta che ho fatto una scommessa con Pietro, ha sempre perso.	Ogni volta che ho fatto una scommessa con Pietro, ha sempre perso.	ha sempre perso.	12.177261236472393	4
L'ultima volta che ho cucinato per Franca, ero in vacanza.	L'ultima volta che ho cucinato per Franca, ero in vacanza.	ero in vacanza.	17.762916221092798	4
L'ultima volta che Franca ha cucinato per me, ero in vacanza.	L'ultima volta che Franca ha cucinato per me, ero in vacanza.	ero in vacanza.	18.425878551441272	4
L'ultima volta che Franca ha cucinato per me, era in vacanza.	L'ultima volta che Franca ha cucinato per me, era in vacanza.	era in vacanza.	16.327688124461552	4
L'ultima volta che ho cucinato per Franca, era in vacanza.	L'ultima volta che ho cucinato per Franca, era in vacanza.	era in vacanza.	17.439164051137276	4
Dopo che ho divorziato da Lucio, ho cambiato lavoro.	Dopo che ho divorziato da Lucio, ho cambiato lavoro.	ho cambiato lavoro.	14.628152376468975	5
Dopo che Lucio ha divorziato da me, ho cambiato lavoro.	Dopo che Lucio ha divorziato da me, ho cambiato lavoro.	ho cambiato lavoro.	16.3467481729421	5
Dopo che Lucio ha divorziato da me, ha cambiato lavoro.	Dopo che Lucio ha divorziato da me, ha cambiato lavoro.	ha cambiato lavoro.	19.428510781732022	5
Dopo che ho divorziato da Lucio, ha cambiato lavoro.	Dopo che ho divorziato da Lucio, ha cambiato lavoro.	ha cambiato lavoro.	22.213642031337205	5
Quando ho fatto la pace con Mario, avevo già la ragazza.	Quando ho fatto la pace con Mario, avevo già la ragazza.	avevo già la ragazza.	27.52533781593185	5
Quando Mario ha fatto la pace con me, avevo già la ragazza.	Quando Mario ha fatto la pace con me, avevo già la ragazza.	avevo già la ragazza.	27.942885321218906	5
Quando Mario ha fatto la pace con me, aveva già la ragazza.	Quando Mario ha fatto la pace con me, aveva già la ragazza.	aveva già la ragazza.	27.19314840437859	5
Quando ho fatto la pace con Mario, aveva già la ragazza.	Quando ho fatto la pace con Mario, aveva già la ragazza.	aveva già la ragazza.	29.719287979051696	5
Prima che mi separassi da Gianni, avevo già un altro uomo.	Prima che mi separassi da Gianni, avevo già un altro uomo.	avevo già un altro uomo.	26.41489174379772	6
Prima che Gianni si separasse da me, avevo già un altro uomo.	Prima che Gianni si separasse da me, avevo già un altro uomo.	avevo già un altro uomo.	23.747773234384436	6
Prima che Gianni si separasse da me, aveva già un'altra donna.	Prima che Gianni si separasse da me, aveva già un'altra donna.	aveva già un'altra donna.	23.509438900184165	7
Prima che mi separassi da Gianni, aveva già un'altra donna.	Prima che mi separassi da Gianni, aveva già un'altra donna.	aveva già un'altra donna.	30.03633983182876	7
Dopo che mi sono riconciliato con Ugo, sono più tollerante.	Dopo che mi sono riconciliato con Ugo, sono più tollerante.	sono più tollerante.	24.924543661807146	5
Dopo che Ugo si è riconciliato con me, sono più tollerante.	Dopo che Ugo si è riconciliato con me, sono più tollerante.	sono più tollerante.	24.72964685027498	5
Dopo che Ugo si è riconciliato con me, è più tollerante.	Dopo che Ugo si è riconciliato con me, è più tollerante.	è più tollerante.	25.232493773012216	5
Dopo che mi sono riconciliato con Ugo, è più tollerante.	Dopo che mi sono riconciliato con Ugo, è più tollerante.	è più tollerante.	31.774625175454062	5
Quando ho chiesto consiglio a Remo, non sapevo che cosa fare.	Quando ho chiesto consiglio a Remo, non sapevo che cosa fare.	non sapevo che cosa fare.	19.469496627167842	7
Quando Remo ha chiesto consiglio a me, non sapevo che cosa fare.	Quando Remo ha chiesto consiglio a me, non sapevo che cosa fare.	non sapevo che cosa fare.	17.715759015222886	7
Quando Remo ha chiesto consiglio a me, non sapeva che cosa fare.	Quando Remo ha chiesto consiglio a me, non sapeva che cosa fare.	non sapeva che cosa fare.	17.587714406188823	7
Quando ho chiesto consiglio a Remo, non sapeva che cosa fare.	Quando ho chiesto consiglio a Remo, non sapeva che cosa fare.	non sapeva che cosa fare.	21.896010778700308	7
Quando Mario chiama Liliana, è contento.	Quando Mario chiama Liliana, è contento.	è contento.	19.90648530447616	4
Quando Mario chiama Liliana, è contenta.	Quando Mario chiama Liliana, è contenta.	è contenta.	20.22101693368102	4
Dopo che Paola ha telefonato a Piero, è andata al cinema.	Dopo che Paola ha telefonato a Piero, è andata al cinema.	è andata al cinema.	26.090576798213004	6
Dopo che Paola ha telefonato a Piero, è andato al cinema.	Dopo che Paola ha telefonato a Piero, è andato al cinema.	è andato al cinema.	25.86463138195254	6
Prima che Maria sposasse Roberto, era sempre serena.	Prima che Maria sposasse Roberto, era sempre serena.	era sempre serena.	27.856229821786883	5
Prima che Maria sposasse Roberto, era sempre sereno.	Prima che Maria sposasse Roberto, era sempre sereno.	era sempre sereno.	34.70443207031587	5
Quando Giuseppe ha insultato Chiara, era ubriaco.	Quando Giuseppe ha insultato Chiara, era ubriaco.	era ubriaco.	19.810842657741873	5
Quando Giuseppe ha insultato Chiara, era ubriaca.	Quando Giuseppe ha insultato Chiara, era ubriaca.	era ubriaca.	24.80907572481699	5
Prima che Flavio conoscesse Donata, era piuttosto grasso.	Prima che Flavio conoscesse Donata, era piuttosto grasso.	era piuttosto grasso.	24.625814086997703	5
Prima che Flavio conoscesse Donata, era piuttosto grassa.	Prima che Flavio conoscesse Donata, era piuttosto grassa.	era piuttosto grassa.	25.651253293888434	5
Dopo che Marina ha salutato Enrico, è salita sul treno.	Dopo che Marina ha salutato Enrico, è salita sul treno.	è salita sul treno.	21.85489220371268	6
Dopo che Marina ha salutato Enrico, è salito sul treno.	Dopo che Marina ha salutato Enrico, è salito sul treno.	è salito sul treno.	21.826362033356403	7
Quando Gianni ha salutato Rosa, si è messo a piangere.	Quando Gianni ha salutato Rosa, si è messo a piangere.	si è messo a piangere.	13.628787530005306	7
Quando Gianni ha salutato Rosa, si è messa a piangere.	Quando Gianni ha salutato Rosa, si è messa a piangere.	si è messa a piangere.	15.590411476210774	7
Da quando Francesca frequenta Sandro, è diventata arrogante.	Da quando Francesca frequenta Sandro, è diventata arrogante.	è diventata arrogante.	25.089780389882815	6
Da quando Francesca frequenta Sandro, è diventato arrogante.	Da quando Francesca frequenta Sandro, è diventato arrogante.	è diventato arrogante.	26.60854995201231	5
Adesso che Elena lavora con Carlo, è tranquilla.	Adesso che Elena lavora con Carlo, è tranquilla.	è tranquilla.	17.450571112447033	3
Adesso che Elena lavora con Carlo, è tranquillo.	Adesso che Elena lavora con Carlo, è tranquillo.	è tranquillo.	17.448061164799377	4
Quando Silvio è andato in vacanza con Emma, si è annoiato.	Quando Silvio è andato in vacanza con Emma, si è annoiato.	si è annoiato.	19.987530304382087	6
Quando Silvio è andato in vacanza con Emma, si è annoiata.	Quando Silvio è andato in vacanza con Emma, si è annoiata.	si è annoiata.	21.634508195904033	6
Dopo che Maria ha litigato con Franco, è diventata intollerabile.	Dopo che Maria ha litigato con Franco, è diventata intollerabile.	è diventata intollerabile.	31.761538859103393	7
Dopo che Maria ha litigato con Franco, è diventato intollerabile.	Dopo che Maria ha litigato con Franco, è diventato intollerabile.	è diventato intollerabile.	29.63884729158047	6
Dopo che Irene ha parlato con Vito, si è sentita sollevata.	Dopo che Irene ha parlato con Vito, si è sentita sollevata.	si è sentita sollevata.	23.9297774571383	7
Dopo che Irene ha parlato con Vito, si è sentito sollevato.	Dopo che Irene ha parlato con Vito, si è sentito sollevato.	si è sentito sollevato.	27.07878822179883	6
Quando Pietro ha dato un bacio ad Angela, sembrava un po' impacciato.	Quando Pietro ha dato un bacio ad Angela, sembrava un po' impacciato.	sembrava un po' impacciato.	31.163577660114722	9
Quando Pietro ha dato un bacio ad Angela, sembrava un po' impacciata.	Quando Pietro ha dato un bacio ad Angela, sembrava un po' impacciata.	sembrava un po' impacciata.	34.12725925079061	9
Quando Stefano ha licenziato Angela, era molto arrabbiato.	Quando Stefano ha licenziato Angela, era molto arrabbiato.	era molto arrabbiato.	17.308659394834784	6
Quando Stefano ha licenziato Angela, era molto arrabbiata.	Quando Stefano ha licenziato Angela, era molto arrabbiata.	era molto arrabbiata.	20.5476086868075	6
Quando Ettore ha presentato Giovanna ai genitori, era nervoso.	Quando Ettore ha presentato Giovanna ai genitori, era nervoso.	era nervoso.	20.141537506977624	4
Quando Ettore ha presentato Giovanna ai genitori, era nervosa.	Quando Ettore ha presentato Giovanna ai genitori, era nervosa.	era nervosa.	23.49027689207784	4
Dopo che Marcello ha pubblicizzato il caso di Livia, è diventato famoso.	Dopo che Marcello ha pubblicizzato il caso di Livia, è diventato famoso.	è diventato famoso.	17.99918557498244	4
Dopo che Marcello ha pubblicizzato il caso di Livia, è diventata famosa.	Dopo che Marcello ha pubblicizzato il caso di Livia, è diventata famosa.	è diventata famosa.	19.81124582506144	5
Dopo che Claudia ha rivisto Sergio, è diventata nevrotica.	Dopo che Claudia ha rivisto Sergio, è diventata nevrotica.	è diventata nevrotica.	25.50801512272393	7
Dopo che Claudia ha rivisto Sergio, è diventato nevrotico.	Dopo che Claudia ha rivisto Sergio, è diventato nevrotico.	è diventato nevrotico.	29.936234123380707	6
Quando Daniele è ritornato da Anna, era molto depresso.	Quando Daniele è ritornato da Anna, era molto depresso.	era molto depresso.	19.46567624707758	5
Quando Daniele è ritornato da Anna, era molto depressa.	Quando Daniele è ritornato da Anna, era molto depressa.	era molto depressa.	24.06184397576934	5
Dopo che Adriana ha rotto con Mimmo, è diventata insopportabile.	Dopo che Adriana ha rotto con Mimmo, è diventata insopportabile.	è diventata insopportabile.	23.431255311099616	8
Dopo che Adriana ha rotto con Mimmo, è diventato insopportabile.	Dopo che Adriana ha rotto con Mimmo, è diventato insopportabile.	è diventato insopportabile.	22.256976931055664	7
Mentre Lorenzo salutava Daniela, sembrava molto sereno.	Mentre Lorenzo salutava Daniela, sembrava molto sereno.	sembrava molto sereno.	26.24884005769122	6
Mentre Lorenzo salutava Daniela, sembrava molto serena.	Mentre Lorenzo salutava Daniela, sembrava molto serena.	sembrava molto serena.	27.765308330075452	6
Quando Luisa ha raccontato l'incidente ad Antonio, è impallidita.	Quando Luisa ha raccontato l'incidente ad Antonio, è impallidita.	è impallidita.	25.190498011566284	5
Quando Luisa ha raccontato l'incidente ad Antonio, è impallidito.	Quando Luisa ha raccontato l'incidente ad Antonio, è impallidito.	è impallidito.	24.937102083473697	5
Prima che Lina si riconciliasse con Davide, era piuttosto seccata.	Prima che Lina si riconciliasse con Davide, era piuttosto seccata.	era piuttosto seccata.	28.653456018065306	5
Prima che Lina si riconciliasse con Davide, era piuttosto seccato.	Prima che Lina si riconciliasse con Davide, era piuttosto seccato.	era piuttosto seccato.	32.58056580744583	5
Mentre Carlo descriveva il miracolo a Rosa, era estatico.	Mentre Carlo descriveva il miracolo a Rosa, era estatico.	era estatico.	27.885709292944487	4
Mentre Carlo descriveva il miracolo a Rosa, era estatica.	Mentre Carlo descriveva il miracolo a Rosa, era estatica.	era estatica.	28.337044968094993	4
Prima che Guglielmo uscisse con Teresa, era molto timido.	Prima che Guglielmo uscisse con Teresa, era molto timido.	era molto timido.	24.500076451734447	5
Prima che Guglielmo uscisse con Teresa, era molto timida.	Prima che Guglielmo uscisse con Teresa, era molto timida.	era molto timida.	26.398701973327373	5
Adesso che Roberta lavora con Luigi, sembra più rilassata.	Adesso che Roberta lavora con Luigi, sembra più rilassata.	sembra più rilassata.	20.273729407486567	5
Adesso che Roberta lavora con Luigi, sembra più rilassato.	Adesso che Roberta lavora con Luigi, sembra più rilassato.	sembra più rilassato.	25.940733308034307	5
Prima che Daniele andasse a vivere con Piera, era molto ansioso.	Prima che Daniele andasse a vivere con Piera, era molto ansioso.	era molto ansioso.	23.326670228821044	6
Prima che Daniele andasse a vivere con Piera, era molto ansiosa.	Prima che Daniele andasse a vivere con Piera, era molto ansiosa.	era molto ansiosa.	25.171427645054084	6
Quando Carlotta litiga con Mario, rimane imbronciata per giorni.	Quando Carlotta litiga con Mario, rimane imbronciata per giorni.	rimane imbronciata per giorni.	31.66690212632823	7
Quando Carlotta litiga con Mario, rimane imbronciato per giorni.	Quando Carlotta litiga con Mario, rimane imbronciato per giorni.	rimane imbronciato per giorni.	43.565416201888695	7
Non appena Pina ha scoperto il segreto di Mario, è diventata sospettosa.	Non appena Pina ha scoperto il segreto di Mario, è diventata sospettosa.	è diventata sospettosa.	24.14441985256485	7
Non appena Pina ha scoperto il segreto di Mario, è diventato sospettoso.	Non appena Pina ha scoperto il segreto di Mario, è diventato sospettoso.	è diventato sospettoso.	26.979892340715214	6
Dopo che Roberto ha incontrato Irma al bar, è tornato a casa.	Dopo che Roberto ha incontrato Irma al bar, è tornato a casa.	è tornato a casa.	17.70084144007876	6
Dopo che Roberto ha incontrato Irma al bar, è tornata a casa.	Dopo che Roberto ha incontrato Irma al bar, è tornata a casa.	è tornata a casa.	21.85848713482721	6
Mentre Anna raccontava il terribile incidente a Giorgio, si è sentita mancare.	Mentre Anna raccontava il terribile incidente a Giorgio, si è sentita mancare.	si è sentita mancare.	27.276754735402193	6
Mentre Anna raccontava il terribile incidente a Giorgio, si è sentito mancare.	Mentre Anna raccontava il terribile incidente a Giorgio, si è sentito mancare.	si è sentito mancare.	31.75641167368844	5
Quando Maria cerca Roberto, diventa ansiosa.	Quando Maria cerca Roberto, diventa ansiosa.	diventa ansiosa.	33.83917088729724	5
Quando Maria cerca Roberto, diventa ansioso.	Quando Maria cerca Roberto, diventa ansioso.	diventa ansioso.	35.99777320284355	5
Quando Maria lo cerca, diventa ansioso.	Quando Maria lo cerca, diventa ansioso.	diventa ansioso.	26.54496237511796	5
Quando i Rossi lo cercano, diventa ansioso.	Quando i Rossi lo cercano, diventa ansioso.	diventa ansioso.	25.04521840544853	5
Dopo che Paola ha telefonato a Piero, è andata al bar.	Dopo che Paola ha telefonato a Piero, è andata al bar.	è andata al bar.	25.462982021380494	6
Dopo che Paola ha telefonato a Piero, è andato al bar.	Dopo che Paola ha telefonato a Piero, è andato al bar.	è andato al bar.	24.607237601918165	6
Dopo che Paola gli ha telefonato, è andato al bar.	Dopo che Paola gli ha telefonato, è andato al bar.	è andato al bar.	22.200592213001972	6
Dopo che i Neri gli hanno telefonato, è andato al bar.	Dopo che i Neri gli hanno telefonato, è andato al bar.	è andato al bar.	21.570070795395644	6
Dopo che Marina ha salutato Enrico, è salita sul treno.	Dopo che Marina ha salutato Enrico, è salita sul treno.	è salita sul treno.	21.85489220371268	6
Dopo che Marina ha salutato Enrico, è salito sul treno.	Dopo che Marina ha salutato Enrico, è salito sul treno.	è salito sul treno.	21.826362033356403	7
Dopo che Marina lo ha salutato, è salito sul treno.	Dopo che Marina lo ha salutato, è salito sul treno.	è salito sul treno.	20.137135217315436	7
Dopo che i Giorgi lo hanno salutato, è salito sul treno.	Dopo che i Giorgi lo hanno salutato, è salito sul treno.	è salito sul treno.	24.204648950480532	7
Da quando Franca frequenta Sandro, è diventata arrogante.	Da quando Franca frequenta Sandro, è diventata arrogante.	è diventata arrogante.	25.407561427308273	6
Da quando Franca frequenta Sandro, è diventato arrogante.	Da quando Franca frequenta Sandro, è diventato arrogante.	è diventato arrogante.	25.398649667636544	5
Da quando Franca lo frequenta, è diventato arrogante.	Da quando Franca lo frequenta, è diventato arrogante.	è diventato arrogante.	25.209991734669572	5
Da quando i Rossi lo frequentano, è diventato arrogante.	Da quando i Rossi lo frequentano, è diventato arrogante.	è diventato arrogante.	23.628790221229593	5
Dopo che Irene ha parlato con Vito, si è sentita sollevata.	Dopo che Irene ha parlato con Vito, si è sentita sollevata.	si è sentita sollevata.	23.9297774571383	7
Dopo che Irene ha parlato con Vito, si è sentito sollevato.	Dopo che Irene ha parlato con Vito, si è sentito sollevato.	si è sentito sollevato.	27.07878822179883	6
Dopo che Irene gli ha parlato, si è sentito sollevato.	Dopo che Irene gli ha parlato, si è sentito sollevato.	si è sentito sollevato.	23.590999210610377	6
Dopo che i Rinaldi gli hanno parlato, si è sentito sollevato.	Dopo che i Rinaldi gli hanno parlato, si è sentito sollevato.	si è sentito sollevato.	21.417937499751716	6
Quando Stefania ha licenziato Angelo, era molto arrabbiata.	Quando Stefania ha licenziato Angelo, era molto arrabbiata.	era molto arrabbiata.	16.91339279314589	6
Quando Stefania ha licenziato Angelo, era molto arrabbiato.	Quando Stefania ha licenziato Angelo, era molto arrabbiato.	era molto arrabbiato.	21.693987757588165	6
Quando Stefania lo ha licenziato, era molto arrabbiato.	Quando Stefania lo ha licenziato, era molto arrabbiato.	era molto arrabbiato.	19.460463119931187	6
Quando i Brambilla lo hanno licenziato, era molto arrabbiato.	Quando i Brambilla lo hanno licenziato, era molto arrabbiato.	era molto arrabbiato.	19.038628313933224	6
Mentre Luisa raccontava l'incidente a Teo, era pallida in viso.	Mentre Luisa raccontava l'incidente a Teo, era pallida in viso.	era pallida in viso.	32.38157508440146	6
Mentre Luisa raccontava l'incidente a Teo, era pallido in viso.	Mentre Luisa raccontava l'incidente a Teo, era pallido in viso.	era pallido in viso.	32.066530273434196	6
Mentre Luisa gli raccontava l'incidente, era pallido in viso.	Mentre Luisa gli raccontava l'incidente, era pallido in viso.	era pallido in viso.	31.931870539328962	6
Mentre i DeVito gli raccontavano l'incidente, era pallido in viso.	Mentre i DeVito gli raccontavano l'incidente, era pallido in viso.	era pallido in viso.	32.62616618235204	6
Quando Katia ha fatto quel regalo a Piero, non era ancora sposata.	Quando Katia ha fatto quel regalo a Piero, non era ancora sposata.	non era ancora sposata.	20.108249321089016	6
Quando Katia ha fatto quel regalo a Piero, non era ancora sposato.	Quando Katia ha fatto quel regalo a Piero, non era ancora sposato.	non era ancora sposato.	22.619515784092208	6
Quando Katia gli ha fatto quel regalo, non era ancora sposato.	Quando Katia gli ha fatto quel regalo, non era ancora sposato.	non era ancora sposato.	22.825372370066766	6
Quando i Bonino gli hanno fatto quel regalo, non era ancora sposato.	Quando i Bonino gli hanno fatto quel regalo, non era ancora sposato.	non era ancora sposato.	24.15746330729804	6
Quando Claudia ha conosciuto Lino, era già famosa.	Quando Claudia ha conosciuto Lino, era già famosa.	era già famosa.	19.914512282625132	4
Quando Claudia ha conosciuto Lino, era già famoso.	Quando Claudia ha conosciuto Lino, era già famoso.	era già famoso.	22.926657214152293	4
Quando Claudia lo ha conosciuto, era già famoso.	Quando Claudia lo ha conosciuto, era già famoso.	era già famoso.	17.04919604548718	4
Quando i Belli lo hanno conosciuto, era già famoso.	Quando i Belli lo hanno conosciuto, era già famoso.	era già famoso.	17.550539090246104	4
Quando Lucia ha rintracciato Marco, è rimasta sorpresa.	Quando Lucia ha rintracciato Marco, è rimasta sorpresa.	è rimasta sorpresa.	15.263179436786858	5
Quando Lucia ha rintracciato Marco, è rimasto sorpreso.	Quando Lucia ha rintracciato Marco, è rimasto sorpreso.	è rimasto sorpreso.	19.839880189268328	6
Quando Lucia lo ha rintracciato, è rimasto sorpreso.	Quando Lucia lo ha rintracciato, è rimasto sorpreso.	è rimasto sorpreso.	16.891114774174376	6
Quando i Burani lo hanno rintracciato, è rimasto sorpreso.	Quando i Burani lo hanno rintracciato, è rimasto sorpreso.	è rimasto sorpreso.	16.91311884685551	6
Quella sera che Gianna ha lasciato Marco a casa, era scocciata.	Quella sera che Gianna ha lasciato Marco a casa, era scocciata.	era scocciata.	29.98212611652152	5
Quella sera che Gianna ha lasciato Marco a casa, era scocciato.	Quella sera che Gianna ha lasciato Marco a casa, era scocciato.	era scocciato.	32.06639874055394	5
Quella sera che Gianna lo ha lasciato a casa, era scocciato.	Quella sera che Gianna lo ha lasciato a casa, era scocciato.	era scocciato.	29.93084636986214	5
Quella sera che i Moro lo hanno lasciato a casa, era scocciato.	Quella sera che i Moro lo hanno lasciato a casa, era scocciato.	era scocciato.	30.4032994052527	5
Da quando Rosa ha mandato via Ennio di casa, è diventata strana.	Da quando Rosa ha mandato via Ennio di casa, è diventata strana.	è diventata strana.	20.52718687202699	5
Da quando Rosa ha mandato via Ennio di casa, è diventato strano.	Da quando Rosa ha mandato via Ennio di casa, è diventato strano.	è diventato strano.	21.530076924098886	4
Da quando Rosa lo ha mandato via di casa, è diventato strano.	Da quando Rosa lo ha mandato via di casa, è diventato strano.	è diventato strano.	20.670521330874024	4
Da quando i Rossi lo hanno mandato via di casa, è diventato strano.	Da quando i Rossi lo hanno mandato via di casa, è diventato strano.	è diventato strano.	22.463229015298214	4
Quando Piero ha insultato Chiara, era ubriaco.	Quando Piero ha insultato Chiara, era ubriaco.	era ubriaco.	19.482678478992312	5
Quando Piero ha insultato Chiara, era ubriaca.	Quando Piero ha insultato Chiara, era ubriaca.	era ubriaca.	24.39697641439263	5
Quando Piero l'ha insultata, era ubriaca.	Quando Piero l'ha insultata, era ubriaca.	era ubriaca.	22.0651983636966	5
Quando i Bianchi l'hanno insultata, era ubriaca.	Quando i Bianchi l'hanno insultata, era ubriaca.	era ubriaca.	22.93372312872259	5
Prima che Flavio conoscesse Donata, era piuttosto grasso.	Prima che Flavio conoscesse Donata, era piuttosto grasso.	era piuttosto grasso.	24.625814086997703	5
Prima che Flavio conoscesse Donata, era piuttosto grassa.	Prima che Flavio conoscesse Donata, era piuttosto grassa.	era piuttosto grassa.	25.651253293888434	5
Prima che Flavio la conoscesse, era piuttosto grassa.	Prima che Flavio la conoscesse, era piuttosto grassa.	era piuttosto grassa.	24.188354455781795	5
Prima che i Rossi la conoscessero, era piuttosto grassa.	Prima che i Rossi la conoscessero, era piuttosto grassa.	era piuttosto grassa.	28.88665087543328	5
Da quando Gianni ha assunto Rosa come segretaria, è diventato pigro.	Da quando Gianni ha assunto Rosa come segretaria, è diventato pigro.	è diventato pigro.	23.59265373592014	5
Da quando Gianni ha assunto Rosa come segretaria, è diventata pigra.	Da quando Gianni ha assunto Rosa come segretaria, è diventata pigra.	è diventata pigra.	27.985600168760868	6
Da quando Gianni l'ha assunta come segretaria, è diventata pigra.	Da quando Gianni l'ha assunta come segretaria, è diventata pigra.	è diventata pigra.	25.91667017977953	6
Da quando i Manzoni l'hanno assunta come segretaria, è diventata pigra.	Da quando i Manzoni l'hanno assunta come segretaria, è diventata pigra.	è diventata pigra.	26.257717861698193	6
Quando Pietro ha baciato Angela, sembrava un po' impacciato.	Quando Pietro ha baciato Angela, sembrava un po' impacciato.	sembrava un po' impacciato.	32.10036502211464	9
Quando Pietro ha baciato Angela, sembrava un po' impacciata.	Quando Pietro ha baciato Angela, sembrava un po' impacciata.	sembrava un po' impacciata.	35.31627285791129	9
Quando Pietro l'ha baciata, sembrava un po' impacciata.	Quando Pietro l'ha baciata, sembrava un po' impacciata.	sembrava un po' impacciata.	33.21112659504438	9
Quando i Rossi l'hanno baciata, sembrava un po' impacciata.	Quando i Rossi l'hanno baciata, sembrava un po' impacciata.	sembrava un po' impacciata.	31.143122916898957	9
Il giorno che Ettore ha presentato Giovanna agli amici, era nervoso.	Il giorno che Ettore ha presentato Giovanna agli amici, era nervoso.	era nervoso.	20.67515071328508	4
Il giorno che Ettore ha presentato Giovanna agli amici, era nervosa.	Il giorno che Ettore ha presentato Giovanna agli amici, era nervosa.	era nervosa.	24.28238951316721	4
Il giorno che Ettore l'ha presentata agli amici, era nervosa.	Il giorno che Ettore l'ha presentata agli amici, era nervosa.	era nervosa.	22.781858109840343	4
Il giorno che i Minelli l'hanno presentata agli amici, era nervosa.	Il giorno che i Minelli l'hanno presentata agli amici, era nervosa.	era nervosa.	21.402236696842248	4
Quando Lorenzo ha chiamato Daniela, era contento.	Quando Lorenzo ha chiamato Daniela, era contento.	era contento.	18.44263908194128	4
Quando Lorenzo ha chiamato Daniela, era contenta.	Quando Lorenzo ha chiamato Daniela, era contenta.	era contenta.	18.50799126545134	4
Quando Lorenzo l'ha chiamata, era contenta.	Quando Lorenzo l'ha chiamata, era contenta.	era contenta.	18.270413552465843	4
Quando i Lombardi l'hanno chiamata, era contenta.	Quando i Lombardi l'hanno chiamata, era contenta.	era contenta.	20.567252085885876	4
Quando Ugo ha dato il benvenuto ad Anna, sembrava preoccupato.	Quando Ugo ha dato il benvenuto ad Anna, sembrava preoccupato.	sembrava preoccupato.	21.686339209415067	5
Quando Ugo ha dato il benvenuto ad Anna, sembrava preoccupata.	Quando Ugo ha dato il benvenuto ad Anna, sembrava preoccupata.	sembrava preoccupata.	23.853379020492483	5
Quando Ugo le ha dato il benvenuto, sembrava preoccupata.	Quando Ugo le ha dato il benvenuto, sembrava preoccupata.	sembrava preoccupata.	25.126339904103272	5
Quando i Volpi le hanno dato il benvenuto, sembrava preoccupata.	Quando i Volpi le hanno dato il benvenuto, sembrava preoccupata.	sembrava preoccupata.	22.5885525378648	5
Mentre Carlo descriveva il miracolo a Rosa, era estatico.	Mentre Carlo descriveva il miracolo a Rosa, era estatico.	era estatico.	27.885709292944487	4
Mentre Carlo descriveva il miracolo a Rosa, era estatica.	Mentre Carlo descriveva il miracolo a Rosa, era estatica.	era estatica.	28.337044968094993	4
Mentre Carlo le descriveva il miracolo, era estatica.	Mentre Carlo le descriveva il miracolo, era estatica.	era estatica.	27.739892298084403	4
Mentre i Franchi le descrivevano il miracolo, era estatica.	Mentre i Franchi le descrivevano il miracolo, era estatica.	era estatica.	27.675658074262927	4
Dopo che Nino ha incontrato Irma al bar, è tornato a casa.	Dopo che Nino ha incontrato Irma al bar, è tornato a casa.	è tornato a casa.	16.983108385717234	6
Dopo che Nino ha incontrato Irma al bar, è tornata a casa.	Dopo che Nino ha incontrato Irma al bar, è tornata a casa.	è tornata a casa.	20.62836693457915	6
Dopo che Nino l'ha incontrata al bar, è tornata a casa.	Dopo che Nino l'ha incontrata al bar, è tornata a casa.	è tornata a casa.	16.189202841003134	6
Dopo che i Dolci l'hanno incontrata al bar, è tornata a casa.	Dopo che i Dolci l'hanno incontrata al bar, è tornata a casa.	è tornata a casa.	17.398163787459197	6
Dopo che Antonio ha invitato Lucia, si è ammalato.	Dopo che Antonio ha invitato Lucia, si è ammalato.	si è ammalato.	25.946219063539736	5
Dopo che Antonio ha invitato Lucia, si è ammalata.	Dopo che Antonio ha invitato Lucia, si è ammalata.	si è ammalata.	27.178652711884567	5
Dopo che Antonio l'ha invitata, si è ammalata.	Dopo che Antonio l'ha invitata, si è ammalata.	si è ammalata.	24.660647796048018	5
Dopo che i Bonomi l'hanno invitata, si è ammalata.	Dopo che i Bonomi l'hanno invitata, si è ammalata.	si è ammalata.	21.905382944326405	5
Quando Fulvio ha minacciato Carla, era tutto agitato.	Quando Fulvio ha minacciato Carla, era tutto agitato.	era tutto agitato.	31.008544476833233	5
Quando Fulvio ha minacciato Carla, era tutta agitata.	Quando Fulvio ha minacciato Carla, era tutta agitata.	era tutta agitata.	35.275697481556506	5
Quando Fulvio l'ha minacciata, era tutta agitata.	Quando Fulvio l'ha minacciata, era tutta agitata.	era tutta agitata.	29.26026464384565	5
Quando i Rizzi l'hanno minacciata, era tutta agitata.	Quando i Rizzi l'hanno minacciata, era tutta agitata.	era tutta agitata.	32.15070278632011	5
Quando Guido ha parlato con Ina, era depresso.	Quando Guido ha parlato con Ina, era depresso.	era depresso.	21.309389797737584	4
Quando Guido ha parlato con Ina, era depressa.	Quando Guido ha parlato con Ina, era depressa.	era depressa.	25.050860652760303	4
Quando Guido le ha parlato, era depressa.	Quando Guido le ha parlato, era depressa.	era depressa.	24.008681471879125	4
Quando i Ricci le hanno parlato, era depressa.	Quando i Ricci le hanno parlato, era depressa.	era depressa.	24.973581418376366	4
Dopo che Piero ha telefonato ai vigili del fuoco, sono venuti immediatamente.	Dopo che Piero ha telefonato ai vigili del fuoco, sono venuti immediatamente.	sono venuti immediatamente.	19.31754747630762	5
Dopo che ho telefonato ai vigili del fuoco, sono venuti immediatamente.	Dopo che ho telefonato ai vigili del fuoco, sono venuti immediatamente.	sono venuti immediatamente.	20.52475475830876	5
Quando Gianni ha salutato i nonni, sembravano veramente tristi.	Quando Gianni ha salutato i nonni, sembravano veramente tristi.	sembravano veramente tristi.	32.7797102210849	6
Quando ho salutato i nonni, sembravano veramente tristi.	Quando ho salutato i nonni, sembravano veramente tristi.	sembravano veramente tristi.	31.159368328295532	6
Dopo che Maria ha litigato con i suoceri, non telefonano più.	Dopo che Maria ha litigato con i suoceri, non telefonano più.	non telefonano più.	28.314080103630722	5
Dopo che ho litigato con i suoceri, non telefonano più.	Dopo che ho litigato con i suoceri, non telefonano più.	non telefonano più.	26.34506442875113	5
Dopo che Ettore ha ringraziato gli ospiti, se ne sono andati.	Dopo che Ettore ha ringraziato gli ospiti, se ne sono andati.	se ne sono andati.	18.712232717554468	6
Dopo che ho ringraziato gli ospiti, se ne sono andati.	Dopo che ho ringraziato gli ospiti, se ne sono andati.	se ne sono andati.	17.64410930863547	6
Quando Daniela è andata ad abitare con i nonni, erano felicissimi.	Quando Daniela è andata ad abitare con i nonni, erano felicissimi.	erano felicissimi.	23.195289237116036	5
Quando sono andato ad abitare con i nonni, erano felicissimi.	Quando sono andato ad abitare con i nonni, erano felicissimi.	erano felicissimi.	23.815609210217147	5
Da quando Adriana ha conosciuto quei ragazzi, non la lasciano in pace.	Da quando Adriana ha conosciuto quei ragazzi, non la lasciano in pace.	non la lasciano in pace.	19.769574614876838	7
Da quando ho conosciuto quei ragazzi, non mi lasciano in pace.	Da quando ho conosciuto quei ragazzi, non mi lasciano in pace.	non mi lasciano in pace.	24.335084627397773	7
Quando Claudia ha contattato le zie dell'America, sono rimaste sorprese.	Quando Claudia ha contattato le zie dell'America, sono rimaste sorprese.	sono rimaste sorprese.	16.391974263606155	6
Quando ho contattato le zie dell'America, sono rimaste sorprese.	Quando ho contattato le zie dell'America, sono rimaste sorprese.	sono rimaste sorprese.	18.107989187175775	6
Mentre Carlo descriveva il miracolo ai fedeli, erano in estasi.	Mentre Carlo descriveva il miracolo ai fedeli, erano in estasi.	erano in estasi.	29.566786080517517	5
Mentre descrivevo il miracolo ai fedeli, erano in estasi.	Mentre descrivevo il miracolo ai fedeli, erano in estasi.	erano in estasi.	27.625527656806238	5
Quando Silvia ha portato in vacanza i cugini, si sono annoiati.	Quando Silvia ha portato in vacanza i cugini, si sono annoiati.	si sono annoiati.	20.58700980154382	5
Quando ho portato in vacanza i cugini, si sono annoiati.	Quando ho portato in vacanza i cugini, si sono annoiati.	si sono annoiati.	21.851445325932268	5
Dopo che Stefania ha rimproverato i bambini, hanno chiesto scusa.	Dopo che Stefania ha rimproverato i bambini, hanno chiesto scusa.	hanno chiesto scusa.	20.4578581664885	5
Dopo che hai rimproverato i bambini, hanno chiesto scusa.	Dopo che hai rimproverato i bambini, hanno chiesto scusa.	hanno chiesto scusa.	23.22142857609596	5
Quando Giuseppe ha insultato gli amici, erano ubriachi.	Quando Giuseppe ha insultato gli amici, erano ubriachi.	erano ubriachi.	22.21759377103182	5
Quando hai insultato gli amici, erano ubriachi.	Quando hai insultato gli amici, erano ubriachi.	erano ubriachi.	27.59847559931709	5
Dopo che Marina ha salutato le amiche, sono salite in macchina.	Dopo che Marina ha salutato le amiche, sono salite in macchina.	sono salite in macchina.	25.145221280929025	6
Dopo che hai salutato le amiche, sono salite in macchina.	Dopo che hai salutato le amiche, sono salite in macchina.	sono salite in macchina.	29.7050784342111	6
Quando Luciano ha premiato i vincitori, hanno ringraziato gli organizzatori.	Quando Luciano ha premiato i vincitori, hanno ringraziato gli organizzatori.	hanno ringraziato gli organizzatori.	25.462275318407883	7
Quando hai premiato i vincitori, hanno ringraziato gli organizzatori.	Quando hai premiato i vincitori, hanno ringraziato gli organizzatori.	hanno ringraziato gli organizzatori.	23.783802886474678	7
Dopo che Lina ha chiesto scusa ai colleghi, si sono calmati.	Dopo che Lina ha chiesto scusa ai colleghi, si sono calmati.	si sono calmati.	20.36292169742584	5
Dopo che hai chiesto scusa ai colleghi, si sono calmati.	Dopo che hai chiesto scusa ai colleghi, si sono calmati.	si sono calmati.	25.376027812813494	5
Quando Luisa ha accusato i professori, hanno reagito immediatamente.	Quando Luisa ha accusato i professori, hanno reagito immediatamente.	hanno reagito immediatamente.	22.033755122387443	5
Quando hai accusato i professori, hanno reagito immediatamente.	Quando hai accusato i professori, hanno reagito immediatamente.	hanno reagito immediatamente.	26.047261091050935	5
Quando Luigi ha intervistato i candidati, hanno fatto tutti la stessa domanda.	Quando Luigi ha intervistato i candidati, hanno fatto tutti la stessa domanda.	hanno fatto tutti la stessa domanda.	27.329259434734418	7
Quando hai intervistato i candidati, hanno fatto tutti la stessa domanda.	Quando hai intervistato i candidati, hanno fatto tutti la stessa domanda.	hanno fatto tutti la stessa domanda.	29.472974242775557	7
Dopo che Antonio ha mandato a chiamare i testimoni, sono diventati irreperibili.	Dopo che Antonio ha mandato a chiamare i testimoni, sono diventati irreperibili.	sono diventati irreperibili.	31.334763638868303	7
Dopo che hai mandato a chiamare i testimoni, sono diventati irreperibili.	Dopo che hai mandato a chiamare i testimoni, sono diventati irreperibili.	sono diventati irreperibili.	30.399445313526314	7
Quando Gianni ha annunciato i vincitori, sono saliti sul palcoscenico.	Quando Gianni ha annunciato i vincitori, sono saliti sul palcoscenico.	sono saliti sul palcoscenico.	35.39983575124505	8
Quando hai annunciato i vincitori, sono saliti sul palcoscenico.	Quando hai annunciato i vincitori, sono saliti sul palcoscenico.	sono saliti sul palcoscenico.	36.336840690942665	8
