FullSentence	Sentence	TargetWords	Surprisal	NumTokens
Quando hai litigato con Maria, eri molto prepotente.	Quando hai litigato con Maria, eri molto prepotente.	 eri molto prepotente.	28.8979789268552	5
Quando Maria ha litigato con te, eri molto prepotente.	Quando Maria ha litigato con te, eri molto prepotente.	 eri molto prepotente.	33.84457127207474	5
Quando Maria ha litigato con te, era molto prepotente.	Quando Maria ha litigato con te, era molto prepotente.	 era molto prepotente.	29.808617396200997	5
Quando hai litigato con Maria, era molto prepotente.	Quando hai litigato con Maria, era molto prepotente.	 era molto prepotente.	30.836604980663004	5
Adesso che lavori con Paola, sei sempre puntuale.	Adesso che lavori con Paola, sei sempre puntuale.	 sei sempre puntuale.	22.265500306563755	4
Adesso che Paola lavora con te, sei sempre puntuale.	Adesso che Paola lavora con te, sei sempre puntuale.	 sei sempre puntuale.	22.78764977532681	4
Adesso che Paola lavora con te, è sempre puntuale.	Adesso che Paola lavora con te, è sempre puntuale.	 è sempre puntuale.	25.159226752266882	4
Adesso che lavori con Paola, è sempre puntuale.	Adesso che lavori con Paola, è sempre puntuale.	 è sempre puntuale.	26.56327917437511	4
Da quando collabori con Olga, hai avuto solo guai.	Da quando collabori con Olga, hai avuto solo guai.	 hai avuto solo guai.	32.52802409140884	5
Da quando Olga collabora con te, hai avuto solo guai.	Da quando Olga collabora con te, hai avuto solo guai.	 hai avuto solo guai.	31.735119340018535	5
Da quando Olga collabora con te, ha avuto solo guai.	Da quando Olga collabora con te, ha avuto solo guai.	 ha avuto solo guai.	34.12887986162074	5
Da quando collabori con Olga, ha avuto solo guai.	Da quando collabori con Olga, ha avuto solo guai.	 ha avuto solo guai.	34.43014693506728	5
Prima che tu chiarissi la questione con Bruno, eri impaziente.	Prima che tu chiarissi la questione con Bruno, eri impaziente.	 eri impaziente.	29.337228702866383	4
Prima che Bruno chiarisse la questione con te, eri impaziente.	Prima che Bruno chiarisse la questione con te, eri impaziente.	 eri impaziente.	27.136513520836157	4
Prima che Bruno chiarisse la questione con te, era impaziente.	Prima che Bruno chiarisse la questione con te, era impaziente.	 era impaziente.	26.52937805708143	4
Prima che tu chiarissi la questione con Bruno, era impaziente.	Prima che tu chiarissi la questione con Bruno, era impaziente.	 era impaziente.	28.906253505913913	4
Dopo che hai avuto quel siguido con Nando, ti comporti stranamente.	Dopo che hai avuto quel siguido con Nando, ti comporti stranamente.	 ti comporti stranamente.	33.45931654497321	5
Dopo che Nando ha avuto quel disguido con te, ti comporti stranamente.	Dopo che Nando ha avuto quel disguido con te, ti comporti stranamente.	 ti comporti stranamente.	33.8635534913397	5
Dopo che Nando ha avuto quel disguido con te, si comporta stranamente.	Dopo che Nando ha avuto quel disguido con te, si comporta stranamente.	 si comporta stranamente.	30.639104706051924	5
Dopo che hai avuto quel siguido con Nando, si comporta stranamente.	Dopo che hai avuto quel siguido con Nando, si comporta stranamente.	 si comporta stranamente.	34.163148195842886	5
Adesso che sei tornato da Maria, sei molto più felice.	Adesso che sei tornato da Maria, sei molto più felice.	 sei molto più felice.	27.506366270632494	5
Adesso che Maria è tornata da te, sei molto più felice.	Adesso che Maria è tornata da te, sei molto più felice.	 sei molto più felice.	27.098063806287815	5
Adesso che Maria è tornata da te, è molto piu felice.	Adesso che Maria è tornata da te, è molto piu felice.	 è molto piu felice.	32.23941778798526	5
Adesso che sei tornato da Maria, è molto piu felice.	Adesso che sei tornato da Maria, è molto piu felice.	 è molto piu felice.	34.68366590138901	5
L'ultima volta che sei uscito con Guido, hai pagato il conto.	L'ultima volta che sei uscito con Guido, hai pagato il conto.	 hai pagato il conto.	28.217543571442114	5
L'ultima volta che Guido è uscito con te, hai pagato il conto.	L'ultima volta che Guido è uscito con te, hai pagato il conto.	 hai pagato il conto.	29.020585311887295	5
L'ultima volta che Guido è uscito con te, ha pagato il conto.	L'ultima volta che Guido è uscito con te, ha pagato il conto.	 ha pagato il conto.	28.958406792040854	5
L'ultima volta che sei uscito con Guido, ha pagato il conto.	L'ultima volta che sei uscito con Guido, ha pagato il conto.	 ha pagato il conto.	31.148723242453105	5
Quando eri in classe con Lucia, avevi quindici anni.	Quando eri in classe con Lucia, avevi quindici anni.	 avevi quindici anni.	18.09642970529437	4
Quando Lucia era in classe con te, avevi quindici anni.	Quando Lucia era in classe con te, avevi quindici anni.	 avevi quindici anni.	20.867744728447402	4
Quando Lucia era in classe con te, aveva quindici anni.	Quando Lucia era in classe con te, aveva quindici anni.	 aveva quindici anni.	17.194052846530433	4
Quando eri in classe con Lucia, aveva quindici anni.	Quando eri in classe con Lucia, aveva quindici anni.	 aveva quindici anni.	19.41934945031748	4
Quando ti sei messo in contatto con Marta, abitavi ancora a Milano.	Quando ti sei messo in contatto con Marta, abitavi ancora a Milano.	 abitavi ancora a Milano.	33.11821207115356	6
Quando Marta si è messa in contatto con te, abitavi ancora a Milano.	Quando Marta si è messa in contatto con te, abitavi ancora a Milano.	 abitavi ancora a Milano.	36.09530704961717	6
Quando Marta si è messa in contatto con te, abitava ancora a Milano.	Quando Marta si è messa in contatto con te, abitava ancora a Milano.	 abitava ancora a Milano.	34.24183591691693	6
Quando ti sei messo in contatto con Marta, abitava ancora a Milano.	Quando ti sei messo in contatto con Marta, abitava ancora a Milano.	 abitava ancora a Milano.	37.5348856150061	6
Da quando hai rotto con Mario, sei di cattivo umore.	Da quando hai rotto con Mario, sei di cattivo umore.	 sei di cattivo umore.	23.794709652181336	6
Da quando Mario ha rotto con te, sei di cattivo umore.	Da quando Mario ha rotto con te, sei di cattivo umore.	 sei di cattivo umore.	25.0984545256438	6
Da quando Mario ha rotto con te, è di cattivo umore.	Da quando Mario ha rotto con te, è di cattivo umore.	 è di cattivo umore.	23.792845697392487	6
Da quando hai rotto con Mario, è di cattivo umore.	Da quando hai rotto con Mario, è di cattivo umore.	 è di cattivo umore.	25.15418017189042	6
Quando ho accettato di lavorare con Mario, non prevedevo complicazioni.	Quando ho accettato di lavorare con Mario, non prevedevo complicazioni.	 non prevedevo complicazioni.	36.366198877720294	6
Quando Mario ha accettato di lavorare con me, non prevedevo complicazioni.	Quando Mario ha accettato di lavorare con me, non prevedevo complicazioni.	 non prevedevo complicazioni.	36.32975497427148	6
Quando Mario ha accettato di lavorare con me, non prevedeva complicazioni.	Quando Mario ha accettato di lavorare con me, non prevedeva complicazioni.	 non prevedeva complicazioni.	36.287653668495466	5
Quando ho accettato di lavorare con Mario, non prevedeva complicazioni.	Quando ho accettato di lavorare con Mario, non prevedeva complicazioni.	 non prevedeva complicazioni.	38.57960983781729	5
Durante l'anno che ho abitato con Marco, ho imparato a cucinare.	Durante l'anno che ho abitato con Marco, ho imparato a cucinare.	 ho imparato a cucinare.	21.111869508889356	6
Durante l'anno che Marco ha abitato con me, ho imparato a cucinare.	Durante l'anno che Marco ha abitato con me, ho imparato a cucinare.	 ho imparato a cucinare.	22.40413039426945	6
Durante l'anno che Marco ha abitato con me, ha imparato a cucinare.	Durante l'anno che Marco ha abitato con me, ha imparato a cucinare.	 ha imparato a cucinare.	25.35178430828634	6
Durante l'anno che ho abitato con Marco, ha imparato a cucinare.	Durante l'anno che ho abitato con Marco, ha imparato a cucinare.	 ha imparato a cucinare.	28.14155752673911	6
Quando ho avuto bisogno di Maria, sono stato sempre gentile.	Quando ho avuto bisogno di Maria, sono stato sempre gentile.	 sono stato sempre gentile.	23.062493805063784	5
Quando Maria ha avuto bisogno di me, sono stato sempre gentile.	Quando Maria ha avuto bisogno di me, sono stato sempre gentile.	 sono stato sempre gentile.	26.169595226986623	5
Quando Maria ha avuto bisogno di me, è stata sempre gentile.	Quando Maria ha avuto bisogno di me, è stata sempre gentile.	 è stata sempre gentile.	22.487551117555956	5
Quando ho avuto bisogno di Maria, è stata sempre gentile.	Quando ho avuto bisogno di Maria, è stata sempre gentile.	 è stata sempre gentile.	26.167426654428162	5
Ogni volta che ho fatto una scommessa con Pietro, ho sempre perso.	Ogni volta che ho fatto una scommessa con Pietro, ho sempre perso.	 ho sempre perso.	22.555727431973374	4
Ogni volta che Roberto ha fatto una scommessa con me, ho sempre perso.	Ogni volta che Roberto ha fatto una scommessa con me, ho sempre perso.	 ho sempre perso.	23.684979310982076	4
Ogni volta che Roberto ha fatto una scommessa con me, ha sempre perso.	Ogni volta che Roberto ha fatto una scommessa con me, ha sempre perso.	 ha sempre perso.	22.71234544124575	4
Ogni volta che ho fatto una scommessa con Pietro, ha sempre perso.	Ogni volta che ho fatto una scommessa con Pietro, ha sempre perso.	 ha sempre perso.	29.379805895113847	4
L'ultima volta che ho cucinato per Franca, ero in vacanza.	L'ultima volta che ho cucinato per Franca, ero in vacanza.	 ero in vacanza.	18.94993701598625	4
L'ultima volta che Franca ha cucinato per me, ero in vacanza.	L'ultima volta che Franca ha cucinato per me, ero in vacanza.	 ero in vacanza.	21.43861933670469	4
L'ultima volta che Franca ha cucinato per me, era in vacanza.	L'ultima volta che Franca ha cucinato per me, era in vacanza.	 era in vacanza.	18.061114010704927	4
L'ultima volta che ho cucinato per Franca, era in vacanza.	L'ultima volta che ho cucinato per Franca, era in vacanza.	 era in vacanza.	20.701114589847307	4
Dopo che ho divorziato da Lucio, ho cambiato lavoro.	Dopo che ho divorziato da Lucio, ho cambiato lavoro.	 ho cambiato lavoro.	18.329241301576516	4
Dopo che Lucio ha divorziato da me, ho cambiato lavoro.	Dopo che Lucio ha divorziato da me, ho cambiato lavoro.	 ho cambiato lavoro.	22.582790651781394	4
Dopo che Lucio ha divorziato da me, ha cambiato lavoro.	Dopo che Lucio ha divorziato da me, ha cambiato lavoro.	 ha cambiato lavoro.	22.833942056510335	4
Dopo che ho divorziato da Lucio, ha cambiato lavoro.	Dopo che ho divorziato da Lucio, ha cambiato lavoro.	 ha cambiato lavoro.	24.233402930408197	4
Quando ho fatto la pace con Mario, avevo già la ragazza.	Quando ho fatto la pace con Mario, avevo già la ragazza.	 avevo già la ragazza.	31.98337928123376	5
Quando Mario ha fatto la pace con me, avevo già la ragazza.	Quando Mario ha fatto la pace con me, avevo già la ragazza.	 avevo già la ragazza.	34.7515026171246	5
Quando Mario ha fatto la pace con me, aveva già la ragazza.	Quando Mario ha fatto la pace con me, aveva già la ragazza.	 aveva già la ragazza.	34.28514174791047	5
Quando ho fatto la pace con Mario, aveva già la ragazza.	Quando ho fatto la pace con Mario, aveva già la ragazza.	 aveva già la ragazza.	39.172242677608544	5
Prima che mi separassi da Gianni, avevo già un altro uomo.	Prima che mi separassi da Gianni, avevo già un altro uomo.	 avevo già un altro uomo.	33.33552607566729	6
Prima che Gianni si separasse da me, avevo già un altro uomo.	Prima che Gianni si separasse da me, avevo già un altro uomo.	 avevo già un altro uomo.	32.405350133855144	6
Prima che Gianni si separasse da me, aveva già un'altra donna.	Prima che Gianni si separasse da me, aveva già un'altra donna.	 aveva già un'altra donna.	33.11473244115171	7
Prima che mi separassi da Gianni, aveva già un'altra donna.	Prima che mi separassi da Gianni, aveva già un'altra donna.	 aveva già un'altra donna.	36.554413348527	7
Dopo che mi sono riconciliato con Ugo, sono più tollerante.	Dopo che mi sono riconciliato con Ugo, sono più tollerante.	 sono più tollerante.	28.08516910255406	6
Dopo che Ugo si è riconciliato con me, sono più tollerante.	Dopo che Ugo si è riconciliato con me, sono più tollerante.	 sono più tollerante.	31.172284411144037	6
Dopo che Ugo si è riconciliato con me, è più tollerante.	Dopo che Ugo si è riconciliato con me, è più tollerante.	 è più tollerante.	30.93811461085076	6
Dopo che mi sono riconciliato con Ugo, è più tollerante.	Dopo che mi sono riconciliato con Ugo, è più tollerante.	 è più tollerante.	31.22167871073096	6
Quando ho chiesto consiglio a Remo, non sapevo che cosa fare.	Quando ho chiesto consiglio a Remo, non sapevo che cosa fare.	 non sapevo che cosa fare.	21.141887076395495	6
Quando Remo ha chiesto consiglio a me, non sapevo che cosa fare.	Quando Remo ha chiesto consiglio a me, non sapevo che cosa fare.	 non sapevo che cosa fare.	22.153508737838663	6
Quando Remo ha chiesto consiglio a me, non sapeva che cosa fare.	Quando Remo ha chiesto consiglio a me, non sapeva che cosa fare.	 non sapeva che cosa fare.	22.71825333687751	6
Quando ho chiesto consiglio a Remo, non sapeva che cosa fare.	Quando ho chiesto consiglio a Remo, non sapeva che cosa fare.	 non sapeva che cosa fare.	25.4174770009639	6
Quando Mario chiama Liliana, è contento.	Quando Mario chiama Liliana, è contento.	 è contento.	18.91977800706352	3
Quando Mario chiama Liliana, è contenta.	Quando Mario chiama Liliana, è contenta.	 è contenta.	19.653381715954612	3
Dopo che Paola ha telefonato a Piero, è andata al cinema.	Dopo che Paola ha telefonato a Piero, è andata al cinema.	 è andata al cinema.	24.766258909826654	5
Dopo che Paola ha telefonato a Piero, è andato al cinema.	Dopo che Paola ha telefonato a Piero, è andato al cinema.	 è andato al cinema.	25.086441757902506	5
Prima che Maria sposasse Roberto, era sempre serena.	Prima che Maria sposasse Roberto, era sempre serena.	 era sempre serena.	29.221528855596826	4
Prima che Maria sposasse Roberto, era sempre sereno.	Prima che Maria sposasse Roberto, era sempre sereno.	 era sempre sereno.	29.58158899299342	4
Quando Giuseppe ha insultato Chiara, era ubriaco.	Quando Giuseppe ha insultato Chiara, era ubriaco.	 era ubriaco.	21.094765618428355	4
Quando Giuseppe ha insultato Chiara, era ubriaca.	Quando Giuseppe ha insultato Chiara, era ubriaca.	 era ubriaca.	28.17296844233492	4
Prima che Flavio conoscesse Donata, era piuttosto grasso.	Prima che Flavio conoscesse Donata, era piuttosto grasso.	 era piuttosto grasso.	28.995018951712552	4
Prima che Flavio conoscesse Donata, era piuttosto grassa.	Prima che Flavio conoscesse Donata, era piuttosto grassa.	 era piuttosto grassa.	34.385360741012256	5
Dopo che Marina ha salutato Enrico, è salita sul treno.	Dopo che Marina ha salutato Enrico, è salita sul treno.	 è salita sul treno.	27.334347522567366	5
Dopo che Marina ha salutato Enrico, è salito sul treno.	Dopo che Marina ha salutato Enrico, è salito sul treno.	 è salito sul treno.	27.18708265214003	5
Quando Gianni ha salutato Rosa, si è messo a piangere.	Quando Gianni ha salutato Rosa, si è messo a piangere.	 si è messo a piangere.	16.13569103152288	6
Quando Gianni ha salutato Rosa, si è messa a piangere.	Quando Gianni ha salutato Rosa, si è messa a piangere.	 si è messa a piangere.	17.244194311886464	6
Da quando Francesca frequenta Sandro, è diventata arrogante.	Da quando Francesca frequenta Sandro, è diventata arrogante.	 è diventata arrogante.	28.27087412349018	5
Da quando Francesca frequenta Sandro, è diventato arrogante.	Da quando Francesca frequenta Sandro, è diventato arrogante.	 è diventato arrogante.	29.597737557217048	5
Adesso che Elena lavora con Carlo, è tranquilla.	Adesso che Elena lavora con Carlo, è tranquilla.	 è tranquilla.	20.969661391861624	3
Adesso che Elena lavora con Carlo, è tranquillo.	Adesso che Elena lavora con Carlo, è tranquillo.	 è tranquillo.	22.23129418113258	3
Quando Silvio è andato in vacanza con Emma, si è annoiato.	Quando Silvio è andato in vacanza con Emma, si è annoiato.	 si è annoiato.	21.05555093249266	5
Quando Silvio è andato in vacanza con Emma, si è annoiata.	Quando Silvio è andato in vacanza con Emma, si è annoiata.	 si è annoiata.	24.89995083960352	5
Dopo che Maria ha litigato con Franco, è diventata intollerabile.	Dopo che Maria ha litigato con Franco, è diventata intollerabile.	 è diventata intollerabile.	31.300654843433247	6
Dopo che Maria ha litigato con Franco, è diventato intollerabile.	Dopo che Maria ha litigato con Franco, è diventato intollerabile.	 è diventato intollerabile.	32.156675269740795	6
Dopo che Irene ha parlato con Vito, si è sentita sollevata.	Dopo che Irene ha parlato con Vito, si è sentita sollevata.	 si è sentita sollevata.	26.519681604102388	5
Dopo che Irene ha parlato con Vito, si è sentito sollevato.	Dopo che Irene ha parlato con Vito, si è sentito sollevato.	 si è sentito sollevato.	31.46199704226681	5
Quando Pietro ha dato un bacio ad Angela, sembrava un po' impacciato.	Quando Pietro ha dato un bacio ad Angela, sembrava un po' impacciato.	 sembrava un po' impacciato.	38.232667196722545	7
Quando Pietro ha dato un bacio ad Angela, sembrava un po' impacciata.	Quando Pietro ha dato un bacio ad Angela, sembrava un po' impacciata.	 sembrava un po' impacciata.	38.95545732168471	7
Quando Stefano ha licenziato Angela, era molto arrabbiato.	Quando Stefano ha licenziato Angela, era molto arrabbiato.	 era molto arrabbiato.	24.86478052406744	5
Quando Stefano ha licenziato Angela, era molto arrabbiata.	Quando Stefano ha licenziato Angela, era molto arrabbiata.	 era molto arrabbiata.	28.51625117526434	5
Quando Ettore ha presentato Giovanna ai genitori, era nervoso.	Quando Ettore ha presentato Giovanna ai genitori, era nervoso.	 era nervoso.	22.436719512477744	3
Quando Ettore ha presentato Giovanna ai genitori, era nervosa.	Quando Ettore ha presentato Giovanna ai genitori, era nervosa.	 era nervosa.	23.639238869990756	4
Dopo che Marcello ha pubblicizzato il caso di Livia, è diventato famoso.	Dopo che Marcello ha pubblicizzato il caso di Livia, è diventato famoso.	 è diventato famoso.	24.742038612090667	4
Dopo che Marcello ha pubblicizzato il caso di Livia, è diventata famosa.	Dopo che Marcello ha pubblicizzato il caso di Livia, è diventata famosa.	 è diventata famosa.	25.19928960132456	4
Dopo che Claudia ha rivisto Sergio, è diventata nevrotica.	Dopo che Claudia ha rivisto Sergio, è diventata nevrotica.	 è diventata nevrotica.	29.978012280873376	6
Dopo che Claudia ha rivisto Sergio, è diventato nevrotico.	Dopo che Claudia ha rivisto Sergio, è diventato nevrotico.	 è diventato nevrotico.	31.073194540208515	6
Quando Daniele è ritornato da Anna, era molto depresso.	Quando Daniele è ritornato da Anna, era molto depresso.	 era molto depresso.	28.517025022397807	5
Quando Daniele è ritornato da Anna, era molto depressa.	Quando Daniele è ritornato da Anna, era molto depressa.	 era molto depressa.	29.297768287209298	5
Dopo che Adriana ha rotto con Mimmo, è diventata insopportabile.	Dopo che Adriana ha rotto con Mimmo, è diventata insopportabile.	 è diventata insopportabile.	26.547051445024504	5
Dopo che Adriana ha rotto con Mimmo, è diventato insopportabile.	Dopo che Adriana ha rotto con Mimmo, è diventato insopportabile.	 è diventato insopportabile.	27.84951869902079	5
Mentre Lorenzo salutava Daniela, sembrava molto sereno.	Mentre Lorenzo salutava Daniela, sembrava molto sereno.	 sembrava molto sereno.	31.395746477792088	4
Mentre Lorenzo salutava Daniela, sembrava molto serena.	Mentre Lorenzo salutava Daniela, sembrava molto serena.	 sembrava molto serena.	33.40372928673545	4
Quando Luisa ha raccontato l'incidente ad Antonio, è impallidita.	Quando Luisa ha raccontato l'incidente ad Antonio, è impallidita.	 è impallidita.	25.693699663169426	5
Quando Luisa ha raccontato l'incidente ad Antonio, è impallidito.	Quando Luisa ha raccontato l'incidente ad Antonio, è impallidito.	 è impallidito.	26.49026110253051	5
Prima che Lina si riconciliasse con Davide, era piuttosto seccata.	Prima che Lina si riconciliasse con Davide, era piuttosto seccata.	 era piuttosto seccata.	35.237774805533995	5
Prima che Lina si riconciliasse con Davide, era piuttosto seccato.	Prima che Lina si riconciliasse con Davide, era piuttosto seccato.	 era piuttosto seccato.	34.77825638094785	5
Mentre Carlo descriveva il miracolo a Rosa, era estatico.	Mentre Carlo descriveva il miracolo a Rosa, era estatico.	 era estatico.	27.876187896096727	4
Mentre Carlo descriveva il miracolo a Rosa, era estatica.	Mentre Carlo descriveva il miracolo a Rosa, era estatica.	 era estatica.	28.407260746428484	4
Prima che Guglielmo uscisse con Teresa, era molto timido.	Prima che Guglielmo uscisse con Teresa, era molto timido.	 era molto timido.	24.554142584951112	5
Prima che Guglielmo uscisse con Teresa, era molto timida.	Prima che Guglielmo uscisse con Teresa, era molto timida.	 era molto timida.	26.220970654602656	5
Adesso che Roberta lavora con Luigi, sembra più rilassata.	Adesso che Roberta lavora con Luigi, sembra più rilassata.	 sembra più rilassata.	31.271486557066243	5
Adesso che Roberta lavora con Luigi, sembra più rilassato.	Adesso che Roberta lavora con Luigi, sembra più rilassato.	 sembra più rilassato.	32.55002857262177	5
Prima che Daniele andasse a vivere con Piera, era molto ansioso.	Prima che Daniele andasse a vivere con Piera, era molto ansioso.	 era molto ansioso.	23.967686323507063	5
Prima che Daniele andasse a vivere con Piera, era molto ansiosa.	Prima che Daniele andasse a vivere con Piera, era molto ansiosa.	 era molto ansiosa.	27.185412492526602	5
Quando Carlotta litiga con Mario, rimane imbronciata per giorni.	Quando Carlotta litiga con Mario, rimane imbronciata per giorni.	 rimane imbronciata per giorni.	42.28971869665518	7
Quando Carlotta litiga con Mario, rimane imbronciato per giorni.	Quando Carlotta litiga con Mario, rimane imbronciato per giorni.	 rimane imbronciato per giorni.	40.72671934918655	7
Non appena Pina ha scoperto il segreto di Mario, è diventata sospettosa.	Non appena Pina ha scoperto il segreto di Mario, è diventata sospettosa.	 è diventata sospettosa.	28.59166189154513	5
Non appena Pina ha scoperto il segreto di Mario, è diventato sospettoso.	Non appena Pina ha scoperto il segreto di Mario, è diventato sospettoso.	 è diventato sospettoso.	26.423576919366674	5
Dopo che Roberto ha incontrato Irma al bar, è tornato a casa.	Dopo che Roberto ha incontrato Irma al bar, è tornato a casa.	 è tornato a casa.	17.36353165912586	5
Dopo che Roberto ha incontrato Irma al bar, è tornata a casa.	Dopo che Roberto ha incontrato Irma al bar, è tornata a casa.	 è tornata a casa.	15.974665570113169	5
Mentre Anna raccontava il terribile incidente a Giorgio, si è sentita mancare.	Mentre Anna raccontava il terribile incidente a Giorgio, si è sentita mancare.	 si è sentita mancare.	29.860601456360296	5
Mentre Anna raccontava il terribile incidente a Giorgio, si è sentito mancare.	Mentre Anna raccontava il terribile incidente a Giorgio, si è sentito mancare.	 si è sentito mancare.	31.792457314129635	5
Quando Maria cerca Roberto, diventa ansiosa.	Quando Maria cerca Roberto, diventa ansiosa.	 diventa ansiosa.	27.65595334251918	4
Quando Maria cerca Roberto, diventa ansioso.	Quando Maria cerca Roberto, diventa ansioso.	 diventa ansioso.	27.206062878413082	4
Quando Maria lo cerca, diventa ansioso.	Quando Maria lo cerca, diventa ansioso.	 diventa ansioso.	25.018721961715016	4
Quando i Rossi lo cercano, diventa ansioso.	Quando i Rossi lo cercano, diventa ansioso.	 diventa ansioso.	26.70762230927943	4
Dopo che Paola ha telefonato a Piero, è andata al bar.	Dopo che Paola ha telefonato a Piero, è andata al bar.	 è andata al bar.	23.895997801033175	5
Dopo che Paola ha telefonato a Piero, è andato al bar.	Dopo che Paola ha telefonato a Piero, è andato al bar.	 è andato al bar.	24.857207696878625	5
Dopo che Paola gli ha telefonato, è andato al bar.	Dopo che Paola gli ha telefonato, è andato al bar.	 è andato al bar.	24.233171771933065	5
Dopo che i Neri gli hanno telefonato, è andato al bar.	Dopo che i Neri gli hanno telefonato, è andato al bar.	 è andato al bar.	26.343759462982845	5
Dopo che Marina ha salutato Enrico, è salita sul treno.	Dopo che Marina ha salutato Enrico, è salita sul treno.	 è salita sul treno.	27.334347522567366	5
Dopo che Marina ha salutato Enrico, è salito sul treno.	Dopo che Marina ha salutato Enrico, è salito sul treno.	 è salito sul treno.	27.18708265214003	5
Dopo che Marina lo ha salutato, è salito sul treno.	Dopo che Marina lo ha salutato, è salito sul treno.	 è salito sul treno.	26.495340072075006	5
Dopo che i Giorgi lo hanno salutato, è salito sul treno.	Dopo che i Giorgi lo hanno salutato, è salito sul treno.	 è salito sul treno.	27.82909009329231	5
Da quando Franca frequenta Sandro, è diventata arrogante.	Da quando Franca frequenta Sandro, è diventata arrogante.	 è diventata arrogante.	28.14193189291961	5
Da quando Franca frequenta Sandro, è diventato arrogante.	Da quando Franca frequenta Sandro, è diventato arrogante.	 è diventato arrogante.	30.71191749679366	5
Da quando Franca lo frequenta, è diventato arrogante.	Da quando Franca lo frequenta, è diventato arrogante.	 è diventato arrogante.	29.411806189590315	5
Da quando i Rossi lo frequentano, è diventato arrogante.	Da quando i Rossi lo frequentano, è diventato arrogante.	 è diventato arrogante.	27.53234049706418	5
Dopo che Irene ha parlato con Vito, si è sentita sollevata.	Dopo che Irene ha parlato con Vito, si è sentita sollevata.	 si è sentita sollevata.	26.519681604102388	5
Dopo che Irene ha parlato con Vito, si è sentito sollevato.	Dopo che Irene ha parlato con Vito, si è sentito sollevato.	 si è sentito sollevato.	31.46199704226681	5
Dopo che Irene gli ha parlato, si è sentito sollevato.	Dopo che Irene gli ha parlato, si è sentito sollevato.	 si è sentito sollevato.	29.492718669712094	5
Dopo che i Rinaldi gli hanno parlato, si è sentito sollevato.	Dopo che i Rinaldi gli hanno parlato, si è sentito sollevato.	 si è sentito sollevato.	29.25909109776532	5
Quando Stefania ha licenziato Angelo, era molto arrabbiata.	Quando Stefania ha licenziato Angelo, era molto arrabbiata.	 era molto arrabbiata.	24.503029591692986	5
Quando Stefania ha licenziato Angelo, era molto arrabbiato.	Quando Stefania ha licenziato Angelo, era molto arrabbiato.	 era molto arrabbiato.	25.369473057182606	5
Quando Stefania lo ha licenziato, era molto arrabbiato.	Quando Stefania lo ha licenziato, era molto arrabbiato.	 era molto arrabbiato.	22.827114432067432	5
Quando i Brambilla lo hanno licenziato, era molto arrabbiato.	Quando i Brambilla lo hanno licenziato, era molto arrabbiato.	 era molto arrabbiato.	24.067916377980414	5
Mentre Luisa raccontava l'incidente a Teo, era pallida in viso.	Mentre Luisa raccontava l'incidente a Teo, era pallida in viso.	 era pallida in viso.	29.615605495256165	6
Mentre Luisa raccontava l'incidente a Teo, era pallido in viso.	Mentre Luisa raccontava l'incidente a Teo, era pallido in viso.	 era pallido in viso.	32.60435829953171	6
Mentre Luisa gli raccontava l'incidente, era pallido in viso.	Mentre Luisa gli raccontava l'incidente, era pallido in viso.	 era pallido in viso.	31.220087658769025	6
Mentre i DeVito gli raccontavano l'incidente, era pallido in viso.	Mentre i DeVito gli raccontavano l'incidente, era pallido in viso.	 era pallido in viso.	33.11389324659105	6
Quando Katia ha fatto quel regalo a Piero, non era ancora sposata.	Quando Katia ha fatto quel regalo a Piero, non era ancora sposata.	 non era ancora sposata.	26.984375860523976	5
Quando Katia ha fatto quel regalo a Piero, non era ancora sposato.	Quando Katia ha fatto quel regalo a Piero, non era ancora sposato.	 non era ancora sposato.	26.12845084918017	5
Quando Katia gli ha fatto quel regalo, non era ancora sposato.	Quando Katia gli ha fatto quel regalo, non era ancora sposato.	 non era ancora sposato.	24.763492380991163	5
Quando i Bonino gli hanno fatto quel regalo, non era ancora sposato.	Quando i Bonino gli hanno fatto quel regalo, non era ancora sposato.	 non era ancora sposato.	26.39494618905247	5
Quando Claudia ha conosciuto Lino, era già famosa.	Quando Claudia ha conosciuto Lino, era già famosa.	 era già famosa.	30.64991720450255	4
Quando Claudia ha conosciuto Lino, era già famoso.	Quando Claudia ha conosciuto Lino, era già famoso.	 era già famoso.	31.385969590124127	4
Quando Claudia lo ha conosciuto, era già famoso.	Quando Claudia lo ha conosciuto, era già famoso.	 era già famoso.	26.492567556363937	4
Quando i Belli lo hanno conosciuto, era già famoso.	Quando i Belli lo hanno conosciuto, era già famoso.	 era già famoso.	26.105040481112418	4
Quando Lucia ha rintracciato Marco, è rimasta sorpresa.	Quando Lucia ha rintracciato Marco, è rimasta sorpresa.	 è rimasta sorpresa.	21.917578778955406	4
Quando Lucia ha rintracciato Marco, è rimasto sorpreso.	Quando Lucia ha rintracciato Marco, è rimasto sorpreso.	 è rimasto sorpreso.	25.16047107356219	4
Quando Lucia lo ha rintracciato, è rimasto sorpreso.	Quando Lucia lo ha rintracciato, è rimasto sorpreso.	 è rimasto sorpreso.	21.259146574860814	4
Quando i Burani lo hanno rintracciato, è rimasto sorpreso.	Quando i Burani lo hanno rintracciato, è rimasto sorpreso.	 è rimasto sorpreso.	21.839590420089007	4
Quella sera che Gianna ha lasciato Marco a casa, era scocciata.	Quella sera che Gianna ha lasciato Marco a casa, era scocciata.	 era scocciata.	28.310045259071718	4
Quella sera che Gianna ha lasciato Marco a casa, era scocciato.	Quella sera che Gianna ha lasciato Marco a casa, era scocciato.	 era scocciato.	26.589812390777897	4
Quella sera che Gianna lo ha lasciato a casa, era scocciato.	Quella sera che Gianna lo ha lasciato a casa, era scocciato.	 era scocciato.	25.480295066290648	4
Quella sera che i Moro lo hanno lasciato a casa, era scocciato.	Quella sera che i Moro lo hanno lasciato a casa, era scocciato.	 era scocciato.	25.913436313547983	4
Da quando Rosa ha mandato via Ennio di casa, è diventata strana.	Da quando Rosa ha mandato via Ennio di casa, è diventata strana.	 è diventata strana.	24.600677804972918	4
Da quando Rosa ha mandato via Ennio di casa, è diventato strano.	Da quando Rosa ha mandato via Ennio di casa, è diventato strano.	 è diventato strano.	25.818012961217267	4
Da quando Rosa lo ha mandato via di casa, è diventato strano.	Da quando Rosa lo ha mandato via di casa, è diventato strano.	 è diventato strano.	24.51461068009582	4
Da quando i Rossi lo hanno mandato via di casa, è diventato strano.	Da quando i Rossi lo hanno mandato via di casa, è diventato strano.	 è diventato strano.	25.288396100296847	4
Quando Piero ha insultato Chiara, era ubriaco.	Quando Piero ha insultato Chiara, era ubriaco.	 era ubriaco.	21.51553958155658	4
Quando Piero ha insultato Chiara, era ubriaca.	Quando Piero ha insultato Chiara, era ubriaca.	 era ubriaca.	28.791693602293517	4
Quando Piero l'ha insultata, era ubriaca.	Quando Piero l'ha insultata, era ubriaca.	 era ubriaca.	23.117580575704277	4
Quando i Bianchi l'hanno insultata, era ubriaca.	Quando i Bianchi l'hanno insultata, era ubriaca.	 era ubriaca.	22.141224189351693	4
Prima che Flavio conoscesse Donata, era piuttosto grasso.	Prima che Flavio conoscesse Donata, era piuttosto grasso.	 era piuttosto grasso.	28.995018951712552	4
Prima che Flavio conoscesse Donata, era piuttosto grassa.	Prima che Flavio conoscesse Donata, era piuttosto grassa.	 era piuttosto grassa.	34.385360741012256	5
Prima che Flavio la conoscesse, era piuttosto grassa.	Prima che Flavio la conoscesse, era piuttosto grassa.	 era piuttosto grassa.	32.301572041586894	5
Prima che i Rossi la conoscessero, era piuttosto grassa.	Prima che i Rossi la conoscessero, era piuttosto grassa.	 era piuttosto grassa.	32.069714972327105	5
Da quando Gianni ha assunto Rosa come segretaria, è diventato pigro.	Da quando Gianni ha assunto Rosa come segretaria, è diventato pigro.	 è diventato pigro.	23.721471451900197	5
Da quando Gianni ha assunto Rosa come segretaria, è diventata pigra.	Da quando Gianni ha assunto Rosa come segretaria, è diventata pigra.	 è diventata pigra.	24.675447279463356	5
Da quando Gianni l'ha assunta come segretaria, è diventata pigra.	Da quando Gianni l'ha assunta come segretaria, è diventata pigra.	 è diventata pigra.	23.65614639995063	5
Da quando i Manzoni l'hanno assunta come segretaria, è diventata pigra.	Da quando i Manzoni l'hanno assunta come segretaria, è diventata pigra.	 è diventata pigra.	25.95190513595222	5
Quando Pietro ha baciato Angela, sembrava un po' impacciato.	Quando Pietro ha baciato Angela, sembrava un po' impacciato.	 sembrava un po' impacciato.	38.070209764486	7
Quando Pietro ha baciato Angela, sembrava un po' impacciata.	Quando Pietro ha baciato Angela, sembrava un po' impacciata.	 sembrava un po' impacciata.	38.96457298431429	7
Quando Pietro l'ha baciata, sembrava un po' impacciata.	Quando Pietro l'ha baciata, sembrava un po' impacciata.	 sembrava un po' impacciata.	37.62483525529808	7
Quando i Rossi l'hanno baciata, sembrava un po' impacciata.	Quando i Rossi l'hanno baciata, sembrava un po' impacciata.	 sembrava un po' impacciata.	35.58256370580617	7
Il giorno che Ettore ha presentato Giovanna agli amici, era nervoso.	Il giorno che Ettore ha presentato Giovanna agli amici, era nervoso.	 era nervoso.	23.04800503586855	3
Il giorno che Ettore ha presentato Giovanna agli amici, era nervosa.	Il giorno che Ettore ha presentato Giovanna agli amici, era nervosa.	 era nervosa.	24.436246390644666	4
Il giorno che Ettore l'ha presentata agli amici, era nervosa.	Il giorno che Ettore l'ha presentata agli amici, era nervosa.	 era nervosa.	23.160580399661015	4
Il giorno che i Minelli l'hanno presentata agli amici, era nervosa.	Il giorno che i Minelli l'hanno presentata agli amici, era nervosa.	 era nervosa.	25.517857054089973	4
Quando Lorenzo ha chiamato Daniela, era contento.	Quando Lorenzo ha chiamato Daniela, era contento.	 era contento.	22.398042378626613	3
Quando Lorenzo ha chiamato Daniela, era contenta.	Quando Lorenzo ha chiamato Daniela, era contenta.	 era contenta.	22.418342073032328	3
Quando Lorenzo l'ha chiamata, era contenta.	Quando Lorenzo l'ha chiamata, era contenta.	 era contenta.	20.608707228978073	3
Quando i Lombardi l'hanno chiamata, era contenta.	Quando i Lombardi l'hanno chiamata, era contenta.	 era contenta.	22.30167940234551	3
Quando Ugo ha dato il benvenuto ad Anna, sembrava preoccupato.	Quando Ugo ha dato il benvenuto ad Anna, sembrava preoccupato.	 sembrava preoccupato.	30.465199511639703	3
Quando Ugo ha dato il benvenuto ad Anna, sembrava preoccupata.	Quando Ugo ha dato il benvenuto ad Anna, sembrava preoccupata.	 sembrava preoccupata.	31.906890299638015	4
Quando Ugo le ha dato il benvenuto, sembrava preoccupata.	Quando Ugo le ha dato il benvenuto, sembrava preoccupata.	 sembrava preoccupata.	29.303452576556783	4
Quando i Volpi le hanno dato il benvenuto, sembrava preoccupata.	Quando i Volpi le hanno dato il benvenuto, sembrava preoccupata.	 sembrava preoccupata.	30.932299986239382	4
Mentre Carlo descriveva il miracolo a Rosa, era estatico.	Mentre Carlo descriveva il miracolo a Rosa, era estatico.	 era estatico.	27.876187896096727	4
Mentre Carlo descriveva il miracolo a Rosa, era estatica.	Mentre Carlo descriveva il miracolo a Rosa, era estatica.	 era estatica.	28.407260746428484	4
Mentre Carlo le descriveva il miracolo, era estatica.	Mentre Carlo le descriveva il miracolo, era estatica.	 era estatica.	26.746198003993754	4
Mentre i Franchi le descrivevano il miracolo, era estatica.	Mentre i Franchi le descrivevano il miracolo, era estatica.	 era estatica.	29.304590502213795	4
Dopo che Nino ha incontrato Irma al bar, è tornato a casa.	Dopo che Nino ha incontrato Irma al bar, è tornato a casa.	 è tornato a casa.	16.900391594245978	5
Dopo che Nino ha incontrato Irma al bar, è tornata a casa.	Dopo che Nino ha incontrato Irma al bar, è tornata a casa.	 è tornata a casa.	15.544478760189396	5
Dopo che Nino l'ha incontrata al bar, è tornata a casa.	Dopo che Nino l'ha incontrata al bar, è tornata a casa.	 è tornata a casa.	14.20176057404597	5
Dopo che i Dolci l'hanno incontrata al bar, è tornata a casa.	Dopo che i Dolci l'hanno incontrata al bar, è tornata a casa.	 è tornata a casa.	14.899435810222853	5
Dopo che Antonio ha invitato Lucia, si è ammalato.	Dopo che Antonio ha invitato Lucia, si è ammalato.	 si è ammalato.	24.206403079808045	5
Dopo che Antonio ha invitato Lucia, si è ammalata.	Dopo che Antonio ha invitato Lucia, si è ammalata.	 si è ammalata.	24.709643202368106	5
Dopo che Antonio l'ha invitata, si è ammalata.	Dopo che Antonio l'ha invitata, si è ammalata.	 si è ammalata.	22.025613125773727	5
Dopo che i Bonomi l'hanno invitata, si è ammalata.	Dopo che i Bonomi l'hanno invitata, si è ammalata.	 si è ammalata.	23.411206764514194	5
Quando Fulvio ha minacciato Carla, era tutto agitato.	Quando Fulvio ha minacciato Carla, era tutto agitato.	 era tutto agitato.	34.88301976321766	5
Quando Fulvio ha minacciato Carla, era tutta agitata.	Quando Fulvio ha minacciato Carla, era tutta agitata.	 era tutta agitata.	35.26437172087341	5
Quando Fulvio l'ha minacciata, era tutta agitata.	Quando Fulvio l'ha minacciata, era tutta agitata.	 era tutta agitata.	34.078146006214304	5
Quando i Rizzi l'hanno minacciata, era tutta agitata.	Quando i Rizzi l'hanno minacciata, era tutta agitata.	 era tutta agitata.	35.07574235741228	5
Quando Guido ha parlato con Ina, era depresso.	Quando Guido ha parlato con Ina, era depresso.	 era depresso.	22.650046359945915	4
Quando Guido ha parlato con Ina, era depressa.	Quando Guido ha parlato con Ina, era depressa.	 era depressa.	24.206084621562532	4
Quando Guido le ha parlato, era depressa.	Quando Guido le ha parlato, era depressa.	 era depressa.	23.29379059774957	4
Quando i Ricci le hanno parlato, era depressa.	Quando i Ricci le hanno parlato, era depressa.	 era depressa.	25.060809441797733	4
Dopo che Piero ha telefonato ai vigili del fuoco, sono venuti immediatamente.	Dopo che Piero ha telefonato ai vigili del fuoco, sono venuti immediatamente.	 sono venuti immediatamente.	27.183672159344066	4
Dopo che ho telefonato ai vigili del fuoco, sono venuti immediatamente.	Dopo che ho telefonato ai vigili del fuoco, sono venuti immediatamente.	 sono venuti immediatamente.	26.315136816254423	4
Quando Gianni ha salutato i nonni, sembravano veramente tristi.	Quando Gianni ha salutato i nonni, sembravano veramente tristi.	 sembravano veramente tristi.	34.5116526976105	4
Quando ho salutato i nonni, sembravano veramente tristi.	Quando ho salutato i nonni, sembravano veramente tristi.	 sembravano veramente tristi.	30.567920469318846	4
Dopo che Maria ha litigato con i suoceri, non telefonano più.	Dopo che Maria ha litigato con i suoceri, non telefonano più.	 non telefonano più.	31.484133710809672	5
Dopo che ho litigato con i suoceri, non telefonano più.	Dopo che ho litigato con i suoceri, non telefonano più.	 non telefonano più.	33.350924693256005	5
Dopo che Ettore ha ringraziato gli ospiti, se ne sono andati.	Dopo che Ettore ha ringraziato gli ospiti, se ne sono andati.	 se ne sono andati.	18.390466166502964	5
Dopo che ho ringraziato gli ospiti, se ne sono andati.	Dopo che ho ringraziato gli ospiti, se ne sono andati.	 se ne sono andati.	17.02167771338901	5
Quando Daniela è andata ad abitare con i nonni, erano felicissimi.	Quando Daniela è andata ad abitare con i nonni, erano felicissimi.	 erano felicissimi.	24.132417980279364	4
Quando sono andato ad abitare con i nonni, erano felicissimi.	Quando sono andato ad abitare con i nonni, erano felicissimi.	 erano felicissimi.	21.394096865320982	4
Da quando Adriana ha conosciuto quei ragazzi, non la lasciano in pace.	Da quando Adriana ha conosciuto quei ragazzi, non la lasciano in pace.	 non la lasciano in pace.	31.20294011061194	6
Da quando ho conosciuto quei ragazzi, non mi lasciano in pace.	Da quando ho conosciuto quei ragazzi, non mi lasciano in pace.	 non mi lasciano in pace.	27.170276682032753	6
Quando Claudia ha contattato le zie dell'America, sono rimaste sorprese.	Quando Claudia ha contattato le zie dell'America, sono rimaste sorprese.	 sono rimaste sorprese.	26.467053474832575	4
Quando ho contattato le zie dell'America, sono rimaste sorprese.	Quando ho contattato le zie dell'America, sono rimaste sorprese.	 sono rimaste sorprese.	27.09162310122478	4
Mentre Carlo descriveva il miracolo ai fedeli, erano in estasi.	Mentre Carlo descriveva il miracolo ai fedeli, erano in estasi.	 erano in estasi.	28.18965079452627	5
Mentre descrivevo il miracolo ai fedeli, erano in estasi.	Mentre descrivevo il miracolo ai fedeli, erano in estasi.	 erano in estasi.	25.82961282324731	5
Quando Silvia ha portato in vacanza i cugini, si sono annoiati.	Quando Silvia ha portato in vacanza i cugini, si sono annoiati.	 si sono annoiati.	25.48536245019907	6
Quando ho portato in vacanza i cugini, si sono annoiati.	Quando ho portato in vacanza i cugini, si sono annoiati.	 si sono annoiati.	25.232496441780068	6
Dopo che Stefania ha rimproverato i bambini, hanno chiesto scusa.	Dopo che Stefania ha rimproverato i bambini, hanno chiesto scusa.	 hanno chiesto scusa.	21.28607832693553	4
Dopo che hai rimproverato i bambini, hanno chiesto scusa.	Dopo che hai rimproverato i bambini, hanno chiesto scusa.	 hanno chiesto scusa.	21.45018586146976	4
Quando Giuseppe ha insultato gli amici, erano ubriachi.	Quando Giuseppe ha insultato gli amici, erano ubriachi.	 erano ubriachi.	23.676967820936778	4
Quando hai insultato gli amici, erano ubriachi.	Quando hai insultato gli amici, erano ubriachi.	 erano ubriachi.	24.66412506755313	4
Dopo che Marina ha salutato le amiche, sono salite in macchina.	Dopo che Marina ha salutato le amiche, sono salite in macchina.	 sono salite in macchina.	29.89671919580898	6
Dopo che hai salutato le amiche, sono salite in macchina.	Dopo che hai salutato le amiche, sono salite in macchina.	 sono salite in macchina.	28.200734765583398	6
Quando Luciano ha premiato i vincitori, hanno ringraziato gli organizzatori.	Quando Luciano ha premiato i vincitori, hanno ringraziato gli organizzatori.	 hanno ringraziato gli organizzatori.	28.821297503469495	6
Quando hai premiato i vincitori, hanno ringraziato gli organizzatori.	Quando hai premiato i vincitori, hanno ringraziato gli organizzatori.	 hanno ringraziato gli organizzatori.	32.13540803003859	6
Dopo che Lina ha chiesto scusa ai colleghi, si sono calmati.	Dopo che Lina ha chiesto scusa ai colleghi, si sono calmati.	 si sono calmati.	23.278619323313055	5
Dopo che hai chiesto scusa ai colleghi, si sono calmati.	Dopo che hai chiesto scusa ai colleghi, si sono calmati.	 si sono calmati.	24.396640419026348	5
Quando Luisa ha accusato i professori, hanno reagito immediatamente.	Quando Luisa ha accusato i professori, hanno reagito immediatamente.	 hanno reagito immediatamente.	29.670599675683903	5
Quando hai accusato i professori, hanno reagito immediatamente.	Quando hai accusato i professori, hanno reagito immediatamente.	 hanno reagito immediatamente.	30.455379536298047	5
Quando Luigi ha intervistato i candidati, hanno fatto tutti la stessa domanda.	Quando Luigi ha intervistato i candidati, hanno fatto tutti la stessa domanda.	 hanno fatto tutti la stessa domanda.	32.86709054439719	7
Quando hai intervistato i candidati, hanno fatto tutti la stessa domanda.	Quando hai intervistato i candidati, hanno fatto tutti la stessa domanda.	 hanno fatto tutti la stessa domanda.	34.76805822201236	7
Dopo che Antonio ha mandato a chiamare i testimoni, sono diventati irreperibili.	Dopo che Antonio ha mandato a chiamare i testimoni, sono diventati irreperibili.	 sono diventati irreperibili.	27.421314484771525	6
Dopo che hai mandato a chiamare i testimoni, sono diventati irreperibili.	Dopo che hai mandato a chiamare i testimoni, sono diventati irreperibili.	 sono diventati irreperibili.	29.20696370513303	6
Quando Gianni ha annunciato i vincitori, sono saliti sul palcoscenico.	Quando Gianni ha annunciato i vincitori, sono saliti sul palcoscenico.	 sono saliti sul palcoscenico.	25.139169094439225	6
Quando hai annunciato i vincitori, sono saliti sul palcoscenico.	Quando hai annunciato i vincitori, sono saliti sul palcoscenico.	 sono saliti sul palcoscenico.	27.514495646867175	6
